<?xml version="1.0" encoding="UTF-8"?>
<!-- Generated by org.testng.reporters.JUnitXMLReporter -->
<testsuite hostname="DESKTOP-KD7RQOH" ignored="0" name="MyKartPageTest_UnitTest" tests="1" failures="1" timestamp="2020-06-29T09:38:55 PDT" time="108.702" errors="0">
  <testcase name="verifyPlaceOrderButton" time="73.861" classname="com.flipkart.TestCase.MyKartPageTest">
    <failure type="java.lang.AssertionError" message="expected [981565] but found []">
      <![CDATA[java.lang.AssertionError: expected [981565] but found []
at com.flipkart.TestCase.MyKartPageTest.verifyPlaceOrderButton(MyKartPageTest.java:276)
at java.util.ArrayList.forEach(ArrayList.java:1257)
at java.util.concurrent.FutureTask.run(FutureTask.java:266)
at java.util.concurrent.ThreadPoolExecutor.runWorker(ThreadPoolExecutor.java:1149)
at java.util.concurrent.ThreadPoolExecutor$Worker.run(ThreadPoolExecutor.java:624)
at java.lang.Thread.run(Thread.java:748)
... Removed 23 stack frames]]>
    </failure>
  </testcase> <!-- verifyPlaceOrderButton -->
</testsuite> <!-- MyKartPageTest_UnitTest -->
