<html>
<head>
<title>TestNG:  LandingObjectsValidation</title>
<link href="../testng.css" rel="stylesheet" type="text/css" />
<link href="../my-testng.css" rel="stylesheet" type="text/css" />

<style type="text/css">
.log { display: none;} 
.stack-trace { display: none;} 
</style>
<script type="text/javascript">
<!--
function flip(e) {
  current = e.style.display;
  if (current == 'block') {
    e.style.display = 'none';
    return 0;
  }
  else {
    e.style.display = 'block';
    return 1;
  }
}

function toggleBox(szDivId, elem, msg1, msg2)
{
  var res = -1;  if (document.getElementById) {
    res = flip(document.getElementById(szDivId));
  }
  else if (document.all) {
    // this is the way old msie versions work
    res = flip(document.all[szDivId]);
  }
  if(elem) {
    if(res == 0) elem.innerHTML = msg1; else elem.innerHTML = msg2;
  }

}

function toggleAllBoxes() {
  if (document.getElementsByTagName) {
    d = document.getElementsByTagName('div');
    for (i = 0; i < d.length; i++) {
      if (d[i].className == 'log') {
        flip(d[i]);
      }
    }
  }
}

// -->
</script>

</head>
<body>
<h2 align='center'>LandingObjectsValidation</h2><table border='1' align="center">
<tr>
<td>Tests passed/Failed/Skipped:</td><td>0/0/0</td>
</tr><tr>
<td>Started on:</td><td>Mon Jun 01 16:39:43 PDT 2020</td>
</tr>
<tr><td>Total time:</td><td>19 seconds (19460 ms)</td>
</tr><tr>
<td>Included groups:</td><td></td>
</tr><tr>
<td>Excluded groups:</td><td></td>
</tr>
</table><p/>
<small><i>(Hover the method name to see the test class name)</i></small><p/>
<table width='100%' border='1' class='invocation-failed'>
<tr><td colspan='4' align='center'><b>FAILED TESTS</b></td></tr>
<tr><td><b>Test method</b></td>
<td width="30%"><b>Exception</b></td>
<td width="10%"><b>Time (seconds)</b></td>
<td><b>Instance</b></td>
</tr>
<tr>
<td title='com.qa_academy.TestCase.LandingValidationTest.test_Title()'><b>test_Title</b><br>Test class: com.qa_academy.TestCase.LandingValidationTest</td>
<td><div><pre>java.lang.AssertionError: expected [FEATURED COURSES00] but found [FEATURED COURSES]
	at com.qa_academy.TestCase.LandingValidationTest.test_Title(LandingValidationTest.java:36)
</pre></div><a href='#' onClick='toggleBox("stack-trace45880026", this, "Click to show all stack frames", "Click to hide stack frames")'>Click to show all stack frames</a>
<div class='stack-trace' id='stack-trace45880026'><pre>java.lang.AssertionError: expected [FEATURED COURSES00] but found [FEATURED COURSES]
	at com.qa_academy.TestCase.LandingValidationTest.test_Title(LandingValidationTest.java:36)
</pre></div></td>
<td>6</td>
<td>com.qa_academy.TestCase.LandingValidationTest@3cc1435c</td></tr>
<tr>
<td title='com.qa_academy.TestCase.LandingValidationTest.test_Title()'><b>test_Title</b><br>Test class: com.qa_academy.TestCase.LandingValidationTest</td>
<td><div><pre>java.lang.NullPointerException
	at com.qa_academy.TestBase.TestBase.takeScreenshot(TestBase.java:46)
	at com.qa_academy.TestBase.Listeners.onTestFailure(Listeners.java:49)
	at java.util.ArrayList.forEach(ArrayList.java:1257)
... Removed 28 stack frames</pre></div><a href='#' onClick='toggleBox("stack-trace1265287441", this, "Click to show all stack frames", "Click to hide stack frames")'>Click to show all stack frames</a>
<div class='stack-trace' id='stack-trace1265287441'><pre>java.lang.NullPointerException
	at com.qa_academy.TestBase.TestBase.takeScreenshot(TestBase.java:46)
	at com.qa_academy.TestBase.Listeners.onTestFailure(Listeners.java:49)
	at org.testng.internal.TestListenerHelper.runTestListeners(TestListenerHelper.java:66)
	at org.testng.internal.TestInvoker.runTestResultListener(TestInvoker.java:219)
	at org.testng.internal.TestInvoker.invokeMethod(TestInvoker.java:651)
	at org.testng.internal.TestInvoker.invokeTestMethod(TestInvoker.java:173)
	at org.testng.internal.MethodRunner.runInSequence(MethodRunner.java:46)
	at org.testng.internal.TestInvoker$MethodInvocationAgent.invoke(TestInvoker.java:816)
	at org.testng.internal.TestInvoker.invokeTestMethods(TestInvoker.java:146)
	at org.testng.internal.TestMethodWorker.invokeTestMethods(TestMethodWorker.java:146)
	at org.testng.internal.TestMethodWorker.run(TestMethodWorker.java:128)
	at java.util.ArrayList.forEach(ArrayList.java:1257)
	at org.testng.TestRunner.privateRun(TestRunner.java:766)
	at org.testng.TestRunner.run(TestRunner.java:587)
	at org.testng.SuiteRunner.runTest(SuiteRunner.java:384)
	at org.testng.SuiteRunner.runSequentially(SuiteRunner.java:378)
	at org.testng.SuiteRunner.privateRun(SuiteRunner.java:337)
	at org.testng.SuiteRunner.run(SuiteRunner.java:286)
	at org.testng.SuiteRunnerWorker.runSuite(SuiteRunnerWorker.java:53)
	at org.testng.SuiteRunnerWorker.run(SuiteRunnerWorker.java:96)
	at org.testng.TestNG.runSuitesSequentially(TestNG.java:1187)
	at org.testng.TestNG.runSuitesLocally(TestNG.java:1109)
	at org.testng.TestNG.runSuites(TestNG.java:1039)
	at org.testng.TestNG.run(TestNG.java:1007)
	at org.apache.maven.surefire.testng.TestNGExecutor.run(TestNGExecutor.java:283)
	at org.apache.maven.surefire.testng.TestNGXmlTestSuite.execute(TestNGXmlTestSuite.java:75)
	at org.apache.maven.surefire.testng.TestNGProvider.invoke(TestNGProvider.java:120)
	at org.apache.maven.surefire.booter.ForkedBooter.invokeProviderInSameClassLoader(ForkedBooter.java:379)
	at org.apache.maven.surefire.booter.ForkedBooter.runSuitesInProcess(ForkedBooter.java:340)
	at org.apache.maven.surefire.booter.ForkedBooter.execute(ForkedBooter.java:125)
	at org.apache.maven.surefire.booter.ForkedBooter.main(ForkedBooter.java:413)
</pre></div></td>
<td>6</td>
<td>com.qa_academy.TestCase.LandingValidationTest@3cc1435c</td></tr>
</table><p>
<table width='100%' border='1' class='invocation-passed'>
<tr><td colspan='4' align='center'><b>PASSED TESTS</b></td></tr>
<tr><td><b>Test method</b></td>
<td width="30%"><b>Exception</b></td>
<td width="10%"><b>Time (seconds)</b></td>
<td><b>Instance</b></td>
</tr>
<tr>
<td title='com.qa_academy.TestCase.LandingPageTest.LoginTest()'><b>LoginTest</b><br>Test class: com.qa_academy.TestCase.LandingPageTest</td>
<td></td>
<td>12</td>
<td>com.qa_academy.TestCase.LandingPageTest@a1cdc6d</td></tr>
<tr>
<td title='com.qa_academy.TestCase.LoginTestCase.login_Test()'><b>login_Test</b><br>Test class: com.qa_academy.TestCase.LoginTestCase<br>Parameters: haaaii@gmail.com, 789654</td>
<td></td>
<td>18</td>
<td>com.qa_academy.TestCase.LoginTestCase@ba54932</td></tr>
<tr>
<td title='com.qa_academy.TestCase.LoginTestCase.login_Test()'><b>login_Test</b><br>Test class: com.qa_academy.TestCase.LoginTestCase<br>Parameters: hello@gmail.com, 123654</td>
<td></td>
<td>17</td>
<td>com.qa_academy.TestCase.LoginTestCase@ba54932</td></tr>
</table><p>
</body>
</html>