<html>
<head>
<title>TestNG:  LandingObjectsValidation</title>
<link href="../testng.css" rel="stylesheet" type="text/css" />
<link href="../my-testng.css" rel="stylesheet" type="text/css" />

<style type="text/css">
.log { display: none;} 
.stack-trace { display: none;} 
</style>
<script type="text/javascript">
<!--
function flip(e) {
  current = e.style.display;
  if (current == 'block') {
    e.style.display = 'none';
    return 0;
  }
  else {
    e.style.display = 'block';
    return 1;
  }
}

function toggleBox(szDivId, elem, msg1, msg2)
{
  var res = -1;  if (document.getElementById) {
    res = flip(document.getElementById(szDivId));
  }
  else if (document.all) {
    // this is the way old msie versions work
    res = flip(document.all[szDivId]);
  }
  if(elem) {
    if(res == 0) elem.innerHTML = msg1; else elem.innerHTML = msg2;
  }

}

function toggleAllBoxes() {
  if (document.getElementsByTagName) {
    d = document.getElementsByTagName('div');
    for (i = 0; i < d.length; i++) {
      if (d[i].className == 'log') {
        flip(d[i]);
      }
    }
  }
}

// -->
</script>

</head>
<body>
<h2 align='center'>LandingObjectsValidation</h2><table border='1' align="center">
<tr>
<td>Tests passed/Failed/Skipped:</td><td>0/0/1</td>
</tr><tr>
<td>Started on:</td><td>Wed Jun 10 18:55:42 PDT 2020</td>
</tr>
<tr><td>Total time:</td><td>1 seconds (1336 ms)</td>
</tr><tr>
<td>Included groups:</td><td></td>
</tr><tr>
<td>Excluded groups:</td><td></td>
</tr>
</table><p/>
<small><i>(Hover the method name to see the test class name)</i></small><p/>
<table width='100%' border='1' class='invocation-failed'>
<tr><td colspan='4' align='center'><b>FAILED CONFIGURATIONS</b></td></tr>
<tr><td><b>Test method</b></td>
<td width="30%"><b>Exception</b></td>
<td width="10%"><b>Time (seconds)</b></td>
<td><b>Instance</b></td>
</tr>
<tr>
<td title='com.qa_academy.TestCase.LandingValidationTest.setUp()'><b>setUp</b><br>Test class: com.qa_academy.TestCase.LandingValidationTest</td>
<td><div><pre>org.openqa.selenium.SessionNotCreatedException: session not created: This version of ChromeDriver only supports Chrome version 80
Build info: version: &apos;3.141.59&apos;, revision: &apos;e82be7d358&apos;, time: &apos;2018-11-14T08:17:03&apos;
System info: host: &apos;DESKTOP-KD7RQOH&apos;, ip: &apos;192.168.1.14&apos;, os.name: &apos;Windows 10&apos;, os.arch: &apos;amd64&apos;, os.version: &apos;10.0&apos;, java.version: &apos;1.8.0_241&apos;
Driver info: driver.version: ChromeDriver
remote stacktrace: Backtrace:
	Ordinal0 [0x006D0C83+1707139]
	Ordinal0 [0x006368F1+1075441]
	Ordinal0 [0x005ADFC9+516041]
	Ordinal0 [0x00540554+66900]
	Ordinal0 [0x0053CCE2+52450]
	Ordinal0 [0x0055BFD7+180183]
	Ordinal0 [0x0055BDDD+179677]
	Ordinal0 [0x00559D4B+171339]
	Ordinal0 [0x00541D4A+73034]
	Ordinal0 [0x00542DC0+77248]
	Ordinal0 [0x00542D59+77145]
	Ordinal0 [0x0064BB67+1162087]
	GetHandleVerifier [0x0076A966+508998]
	GetHandleVerifier [0x0076A6A4+508292]
	GetHandleVerifier [0x0077F7B7+594583]
	GetHandleVerifier [0x0076B1D6+511158]
	Ordinal0 [0x0064402C+1130540]
	Ordinal0 [0x0064D4CB+1168587]
	Ordinal0 [0x0064D633+1168947]
	Ordinal0 [0x00665B35+1268533]
	BaseThreadInitThunk [0x75C16359+25]
	RtlGetAppContainerNamedObjectPath [0x77657C24+228]
	RtlGetAppContainerNamedObjectPath [0x77657BF4+180]

	at org.openqa.selenium.remote.W3CHandshakeResponse.lambda$errorHandler$0(W3CHandshakeResponse.java:62)
	at org.openqa.selenium.remote.HandshakeResponse.lambda$getResponseFunction$0(HandshakeResponse.java:30)
	at org.openqa.selenium.remote.ProtocolHandshake.lambda$createSession$0(ProtocolHandshake.java:126)
	at org.openqa.selenium.remote.ProtocolHandshake.createSession(ProtocolHandshake.java:128)
	at org.openqa.selenium.remote.ProtocolHandshake.createSession(ProtocolHandshake.java:74)
	at org.openqa.selenium.remote.HttpCommandExecutor.execute(HttpCommandExecutor.java:136)
	at org.openqa.selenium.remote.service.DriverCommandExecutor.execute(DriverCommandExecutor.java:83)
	at org.openqa.selenium.remote.RemoteWebDriver.execute(RemoteWebDriver.java:552)
	at org.openqa.selenium.remote.RemoteWebDriver.startSession(RemoteWebDriver.java:213)
	at org.openqa.selenium.remote.RemoteWebDriver.&lt;init&gt;(RemoteWebDriver.java:131)
	at org.openqa.selenium.chrome.ChromeDriver.&lt;init&gt;(ChromeDriver.java:181)
	at org.openqa.selenium.chrome.ChromeDriver.&lt;init&gt;(ChromeDriver.java:168)
	at org.openqa.selenium.chrome.ChromeDriver.&lt;init&gt;(ChromeDriver.java:123)
	at com.qa_academy.TestBase.TestBase.Initialization(TestBase.java:53)
	at com.qa_academy.TestCase.LandingValidationTest.setUp(LandingValidationTest.java:30)
</pre></div><a href='#' onClick='toggleBox("stack-trace727497138", this, "Click to show all stack frames", "Click to hide stack frames")'>Click to show all stack frames</a>
<div class='stack-trace' id='stack-trace727497138'><pre>org.openqa.selenium.SessionNotCreatedException: session not created: This version of ChromeDriver only supports Chrome version 80
Build info: version: &apos;3.141.59&apos;, revision: &apos;e82be7d358&apos;, time: &apos;2018-11-14T08:17:03&apos;
System info: host: &apos;DESKTOP-KD7RQOH&apos;, ip: &apos;192.168.1.14&apos;, os.name: &apos;Windows 10&apos;, os.arch: &apos;amd64&apos;, os.version: &apos;10.0&apos;, java.version: &apos;1.8.0_241&apos;
Driver info: driver.version: ChromeDriver
remote stacktrace: Backtrace:
	Ordinal0 [0x006D0C83+1707139]
	Ordinal0 [0x006368F1+1075441]
	Ordinal0 [0x005ADFC9+516041]
	Ordinal0 [0x00540554+66900]
	Ordinal0 [0x0053CCE2+52450]
	Ordinal0 [0x0055BFD7+180183]
	Ordinal0 [0x0055BDDD+179677]
	Ordinal0 [0x00559D4B+171339]
	Ordinal0 [0x00541D4A+73034]
	Ordinal0 [0x00542DC0+77248]
	Ordinal0 [0x00542D59+77145]
	Ordinal0 [0x0064BB67+1162087]
	GetHandleVerifier [0x0076A966+508998]
	GetHandleVerifier [0x0076A6A4+508292]
	GetHandleVerifier [0x0077F7B7+594583]
	GetHandleVerifier [0x0076B1D6+511158]
	Ordinal0 [0x0064402C+1130540]
	Ordinal0 [0x0064D4CB+1168587]
	Ordinal0 [0x0064D633+1168947]
	Ordinal0 [0x00665B35+1268533]
	BaseThreadInitThunk [0x75C16359+25]
	RtlGetAppContainerNamedObjectPath [0x77657C24+228]
	RtlGetAppContainerNamedObjectPath [0x77657BF4+180]

	at org.openqa.selenium.remote.W3CHandshakeResponse.lambda$errorHandler$0(W3CHandshakeResponse.java:62)
	at org.openqa.selenium.remote.HandshakeResponse.lambda$getResponseFunction$0(HandshakeResponse.java:30)
	at org.openqa.selenium.remote.ProtocolHandshake.lambda$createSession$0(ProtocolHandshake.java:126)
	at org.openqa.selenium.remote.ProtocolHandshake.createSession(ProtocolHandshake.java:128)
	at org.openqa.selenium.remote.ProtocolHandshake.createSession(ProtocolHandshake.java:74)
	at org.openqa.selenium.remote.HttpCommandExecutor.execute(HttpCommandExecutor.java:136)
	at org.openqa.selenium.remote.service.DriverCommandExecutor.execute(DriverCommandExecutor.java:83)
	at org.openqa.selenium.remote.RemoteWebDriver.execute(RemoteWebDriver.java:552)
	at org.openqa.selenium.remote.RemoteWebDriver.startSession(RemoteWebDriver.java:213)
	at org.openqa.selenium.remote.RemoteWebDriver.&lt;init&gt;(RemoteWebDriver.java:131)
	at org.openqa.selenium.chrome.ChromeDriver.&lt;init&gt;(ChromeDriver.java:181)
	at org.openqa.selenium.chrome.ChromeDriver.&lt;init&gt;(ChromeDriver.java:168)
	at org.openqa.selenium.chrome.ChromeDriver.&lt;init&gt;(ChromeDriver.java:123)
	at com.qa_academy.TestBase.TestBase.Initialization(TestBase.java:53)
	at com.qa_academy.TestCase.LandingValidationTest.setUp(LandingValidationTest.java:30)
</pre></div></td>
<td>1</td>
<td>com.qa_academy.TestCase.LandingValidationTest@4c1909a3</td></tr>
</table><p>
<table width='100%' border='1' class='invocation-skipped'>
<tr><td colspan='4' align='center'><b>SKIPPED CONFIGURATIONS</b></td></tr>
<tr><td><b>Test method</b></td>
<td width="30%"><b>Exception</b></td>
<td width="10%"><b>Time (seconds)</b></td>
<td><b>Instance</b></td>
</tr>
<tr>
<td title='com.qa_academy.TestCase.LandingValidationTest.tearDown()'><b>tearDown</b><br>Test class: com.qa_academy.TestCase.LandingValidationTest</td>
<td></td>
<td>-1591840543</td>
<td>com.qa_academy.TestCase.LandingValidationTest@4c1909a3</td></tr>
</table><p>
<table width='100%' border='1' class='invocation-skipped'>
<tr><td colspan='4' align='center'><b>SKIPPED TESTS</b></td></tr>
<tr><td><b>Test method</b></td>
<td width="30%"><b>Exception</b></td>
<td width="10%"><b>Time (seconds)</b></td>
<td><b>Instance</b></td>
</tr>
<tr>
<td title='com.qa_academy.TestCase.LandingPageTest.Click_Login()'><b>Click_Login</b><br>Test class: com.qa_academy.TestCase.LandingPageTest</td>
<td><div><pre>org.openqa.selenium.SessionNotCreatedException: session not created: This version of ChromeDriver only supports Chrome version 80
Build info: version: &apos;3.141.59&apos;, revision: &apos;e82be7d358&apos;, time: &apos;2018-11-14T08:17:03&apos;
System info: host: &apos;DESKTOP-KD7RQOH&apos;, ip: &apos;192.168.1.14&apos;, os.name: &apos;Windows 10&apos;, os.arch: &apos;amd64&apos;, os.version: &apos;10.0&apos;, java.version: &apos;1.8.0_241&apos;
Driver info: driver.version: ChromeDriver
remote stacktrace: Backtrace:
	Ordinal0 [0x006D0C83+1707139]
	Ordinal0 [0x006368F1+1075441]
	Ordinal0 [0x005ADFC9+516041]
	Ordinal0 [0x00540554+66900]
	Ordinal0 [0x0053CCE2+52450]
	Ordinal0 [0x0055BFD7+180183]
	Ordinal0 [0x0055BDDD+179677]
	Ordinal0 [0x00559D4B+171339]
	Ordinal0 [0x00541D4A+73034]
	Ordinal0 [0x00542DC0+77248]
	Ordinal0 [0x00542D59+77145]
	Ordinal0 [0x0064BB67+1162087]
	GetHandleVerifier [0x0076A966+508998]
	GetHandleVerifier [0x0076A6A4+508292]
	GetHandleVerifier [0x0077F7B7+594583]
	GetHandleVerifier [0x0076B1D6+511158]
	Ordinal0 [0x0064402C+1130540]
	Ordinal0 [0x0064D4CB+1168587]
	Ordinal0 [0x0064D633+1168947]
	Ordinal0 [0x00665B35+1268533]
	BaseThreadInitThunk [0x75C16359+25]
	RtlGetAppContainerNamedObjectPath [0x77657C24+228]
	RtlGetAppContainerNamedObjectPath [0x77657BF4+180]

	at org.openqa.selenium.remote.W3CHandshakeResponse.lambda$errorHandler$0(W3CHandshakeResponse.java:62)
	at org.openqa.selenium.remote.HandshakeResponse.lambda$getResponseFunction$0(HandshakeResponse.java:30)
	at org.openqa.selenium.remote.ProtocolHandshake.lambda$createSession$0(ProtocolHandshake.java:126)
	at org.openqa.selenium.remote.ProtocolHandshake.createSession(ProtocolHandshake.java:128)
	at org.openqa.selenium.remote.ProtocolHandshake.createSession(ProtocolHandshake.java:74)
	at org.openqa.selenium.remote.HttpCommandExecutor.execute(HttpCommandExecutor.java:136)
	at org.openqa.selenium.remote.service.DriverCommandExecutor.execute(DriverCommandExecutor.java:83)
	at org.openqa.selenium.remote.RemoteWebDriver.execute(RemoteWebDriver.java:552)
	at org.openqa.selenium.remote.RemoteWebDriver.startSession(RemoteWebDriver.java:213)
	at org.openqa.selenium.remote.RemoteWebDriver.&lt;init&gt;(RemoteWebDriver.java:131)
	at org.openqa.selenium.chrome.ChromeDriver.&lt;init&gt;(ChromeDriver.java:181)
	at org.openqa.selenium.chrome.ChromeDriver.&lt;init&gt;(ChromeDriver.java:168)
	at org.openqa.selenium.chrome.ChromeDriver.&lt;init&gt;(ChromeDriver.java:123)
	at com.qa_academy.TestBase.TestBase.Initialization(TestBase.java:53)
	at com.qa_academy.TestCase.LandingPageTest.setUp(LandingPageTest.java:29)
</pre></div><a href='#' onClick='toggleBox("stack-trace511354923", this, "Click to show all stack frames", "Click to hide stack frames")'>Click to show all stack frames</a>
<div class='stack-trace' id='stack-trace511354923'><pre>org.openqa.selenium.SessionNotCreatedException: session not created: This version of ChromeDriver only supports Chrome version 80
Build info: version: &apos;3.141.59&apos;, revision: &apos;e82be7d358&apos;, time: &apos;2018-11-14T08:17:03&apos;
System info: host: &apos;DESKTOP-KD7RQOH&apos;, ip: &apos;192.168.1.14&apos;, os.name: &apos;Windows 10&apos;, os.arch: &apos;amd64&apos;, os.version: &apos;10.0&apos;, java.version: &apos;1.8.0_241&apos;
Driver info: driver.version: ChromeDriver
remote stacktrace: Backtrace:
	Ordinal0 [0x006D0C83+1707139]
	Ordinal0 [0x006368F1+1075441]
	Ordinal0 [0x005ADFC9+516041]
	Ordinal0 [0x00540554+66900]
	Ordinal0 [0x0053CCE2+52450]
	Ordinal0 [0x0055BFD7+180183]
	Ordinal0 [0x0055BDDD+179677]
	Ordinal0 [0x00559D4B+171339]
	Ordinal0 [0x00541D4A+73034]
	Ordinal0 [0x00542DC0+77248]
	Ordinal0 [0x00542D59+77145]
	Ordinal0 [0x0064BB67+1162087]
	GetHandleVerifier [0x0076A966+508998]
	GetHandleVerifier [0x0076A6A4+508292]
	GetHandleVerifier [0x0077F7B7+594583]
	GetHandleVerifier [0x0076B1D6+511158]
	Ordinal0 [0x0064402C+1130540]
	Ordinal0 [0x0064D4CB+1168587]
	Ordinal0 [0x0064D633+1168947]
	Ordinal0 [0x00665B35+1268533]
	BaseThreadInitThunk [0x75C16359+25]
	RtlGetAppContainerNamedObjectPath [0x77657C24+228]
	RtlGetAppContainerNamedObjectPath [0x77657BF4+180]

	at org.openqa.selenium.remote.W3CHandshakeResponse.lambda$errorHandler$0(W3CHandshakeResponse.java:62)
	at org.openqa.selenium.remote.HandshakeResponse.lambda$getResponseFunction$0(HandshakeResponse.java:30)
	at org.openqa.selenium.remote.ProtocolHandshake.lambda$createSession$0(ProtocolHandshake.java:126)
	at org.openqa.selenium.remote.ProtocolHandshake.createSession(ProtocolHandshake.java:128)
	at org.openqa.selenium.remote.ProtocolHandshake.createSession(ProtocolHandshake.java:74)
	at org.openqa.selenium.remote.HttpCommandExecutor.execute(HttpCommandExecutor.java:136)
	at org.openqa.selenium.remote.service.DriverCommandExecutor.execute(DriverCommandExecutor.java:83)
	at org.openqa.selenium.remote.RemoteWebDriver.execute(RemoteWebDriver.java:552)
	at org.openqa.selenium.remote.RemoteWebDriver.startSession(RemoteWebDriver.java:213)
	at org.openqa.selenium.remote.RemoteWebDriver.&lt;init&gt;(RemoteWebDriver.java:131)
	at org.openqa.selenium.chrome.ChromeDriver.&lt;init&gt;(ChromeDriver.java:181)
	at org.openqa.selenium.chrome.ChromeDriver.&lt;init&gt;(ChromeDriver.java:168)
	at org.openqa.selenium.chrome.ChromeDriver.&lt;init&gt;(ChromeDriver.java:123)
	at com.qa_academy.TestBase.TestBase.Initialization(TestBase.java:53)
	at com.qa_academy.TestCase.LandingPageTest.setUp(LandingPageTest.java:29)
</pre></div></td>
<td>0</td>
<td>com.qa_academy.TestCase.LandingPageTest@3ee37e5a</td></tr>
<tr>
<td title='com.qa_academy.TestCase.LoginTestCase.login_Test()'><b>login_Test</b><br>Test class: com.qa_academy.TestCase.LoginTestCase</td>
<td><div><pre>org.openqa.selenium.SessionNotCreatedException: session not created: This version of ChromeDriver only supports Chrome version 80
Build info: version: &apos;3.141.59&apos;, revision: &apos;e82be7d358&apos;, time: &apos;2018-11-14T08:17:03&apos;
System info: host: &apos;DESKTOP-KD7RQOH&apos;, ip: &apos;192.168.1.14&apos;, os.name: &apos;Windows 10&apos;, os.arch: &apos;amd64&apos;, os.version: &apos;10.0&apos;, java.version: &apos;1.8.0_241&apos;
Driver info: driver.version: ChromeDriver
remote stacktrace: Backtrace:
	Ordinal0 [0x006D0C83+1707139]
	Ordinal0 [0x006368F1+1075441]
	Ordinal0 [0x005ADFC9+516041]
	Ordinal0 [0x00540554+66900]
	Ordinal0 [0x0053CCE2+52450]
	Ordinal0 [0x0055BFD7+180183]
	Ordinal0 [0x0055BDDD+179677]
	Ordinal0 [0x00559D4B+171339]
	Ordinal0 [0x00541D4A+73034]
	Ordinal0 [0x00542DC0+77248]
	Ordinal0 [0x00542D59+77145]
	Ordinal0 [0x0064BB67+1162087]
	GetHandleVerifier [0x0076A966+508998]
	GetHandleVerifier [0x0076A6A4+508292]
	GetHandleVerifier [0x0077F7B7+594583]
	GetHandleVerifier [0x0076B1D6+511158]
	Ordinal0 [0x0064402C+1130540]
	Ordinal0 [0x0064D4CB+1168587]
	Ordinal0 [0x0064D633+1168947]
	Ordinal0 [0x00665B35+1268533]
	BaseThreadInitThunk [0x75C16359+25]
	RtlGetAppContainerNamedObjectPath [0x77657C24+228]
	RtlGetAppContainerNamedObjectPath [0x77657BF4+180]

	at org.openqa.selenium.remote.W3CHandshakeResponse.lambda$errorHandler$0(W3CHandshakeResponse.java:62)
	at org.openqa.selenium.remote.HandshakeResponse.lambda$getResponseFunction$0(HandshakeResponse.java:30)
	at org.openqa.selenium.remote.ProtocolHandshake.lambda$createSession$0(ProtocolHandshake.java:126)
	at org.openqa.selenium.remote.ProtocolHandshake.createSession(ProtocolHandshake.java:128)
	at org.openqa.selenium.remote.ProtocolHandshake.createSession(ProtocolHandshake.java:74)
	at org.openqa.selenium.remote.HttpCommandExecutor.execute(HttpCommandExecutor.java:136)
	at org.openqa.selenium.remote.service.DriverCommandExecutor.execute(DriverCommandExecutor.java:83)
	at org.openqa.selenium.remote.RemoteWebDriver.execute(RemoteWebDriver.java:552)
	at org.openqa.selenium.remote.RemoteWebDriver.startSession(RemoteWebDriver.java:213)
	at org.openqa.selenium.remote.RemoteWebDriver.&lt;init&gt;(RemoteWebDriver.java:131)
	at org.openqa.selenium.chrome.ChromeDriver.&lt;init&gt;(ChromeDriver.java:181)
	at org.openqa.selenium.chrome.ChromeDriver.&lt;init&gt;(ChromeDriver.java:168)
	at org.openqa.selenium.chrome.ChromeDriver.&lt;init&gt;(ChromeDriver.java:123)
	at com.qa_academy.TestBase.TestBase.Initialization(TestBase.java:53)
	at com.qa_academy.TestCase.LoginTestCase.setUp(LoginTestCase.java:34)
</pre></div><a href='#' onClick='toggleBox("stack-trace898695324", this, "Click to show all stack frames", "Click to hide stack frames")'>Click to show all stack frames</a>
<div class='stack-trace' id='stack-trace898695324'><pre>org.openqa.selenium.SessionNotCreatedException: session not created: This version of ChromeDriver only supports Chrome version 80
Build info: version: &apos;3.141.59&apos;, revision: &apos;e82be7d358&apos;, time: &apos;2018-11-14T08:17:03&apos;
System info: host: &apos;DESKTOP-KD7RQOH&apos;, ip: &apos;192.168.1.14&apos;, os.name: &apos;Windows 10&apos;, os.arch: &apos;amd64&apos;, os.version: &apos;10.0&apos;, java.version: &apos;1.8.0_241&apos;
Driver info: driver.version: ChromeDriver
remote stacktrace: Backtrace:
	Ordinal0 [0x006D0C83+1707139]
	Ordinal0 [0x006368F1+1075441]
	Ordinal0 [0x005ADFC9+516041]
	Ordinal0 [0x00540554+66900]
	Ordinal0 [0x0053CCE2+52450]
	Ordinal0 [0x0055BFD7+180183]
	Ordinal0 [0x0055BDDD+179677]
	Ordinal0 [0x00559D4B+171339]
	Ordinal0 [0x00541D4A+73034]
	Ordinal0 [0x00542DC0+77248]
	Ordinal0 [0x00542D59+77145]
	Ordinal0 [0x0064BB67+1162087]
	GetHandleVerifier [0x0076A966+508998]
	GetHandleVerifier [0x0076A6A4+508292]
	GetHandleVerifier [0x0077F7B7+594583]
	GetHandleVerifier [0x0076B1D6+511158]
	Ordinal0 [0x0064402C+1130540]
	Ordinal0 [0x0064D4CB+1168587]
	Ordinal0 [0x0064D633+1168947]
	Ordinal0 [0x00665B35+1268533]
	BaseThreadInitThunk [0x75C16359+25]
	RtlGetAppContainerNamedObjectPath [0x77657C24+228]
	RtlGetAppContainerNamedObjectPath [0x77657BF4+180]

	at org.openqa.selenium.remote.W3CHandshakeResponse.lambda$errorHandler$0(W3CHandshakeResponse.java:62)
	at org.openqa.selenium.remote.HandshakeResponse.lambda$getResponseFunction$0(HandshakeResponse.java:30)
	at org.openqa.selenium.remote.ProtocolHandshake.lambda$createSession$0(ProtocolHandshake.java:126)
	at org.openqa.selenium.remote.ProtocolHandshake.createSession(ProtocolHandshake.java:128)
	at org.openqa.selenium.remote.ProtocolHandshake.createSession(ProtocolHandshake.java:74)
	at org.openqa.selenium.remote.HttpCommandExecutor.execute(HttpCommandExecutor.java:136)
	at org.openqa.selenium.remote.service.DriverCommandExecutor.execute(DriverCommandExecutor.java:83)
	at org.openqa.selenium.remote.RemoteWebDriver.execute(RemoteWebDriver.java:552)
	at org.openqa.selenium.remote.RemoteWebDriver.startSession(RemoteWebDriver.java:213)
	at org.openqa.selenium.remote.RemoteWebDriver.&lt;init&gt;(RemoteWebDriver.java:131)
	at org.openqa.selenium.chrome.ChromeDriver.&lt;init&gt;(ChromeDriver.java:181)
	at org.openqa.selenium.chrome.ChromeDriver.&lt;init&gt;(ChromeDriver.java:168)
	at org.openqa.selenium.chrome.ChromeDriver.&lt;init&gt;(ChromeDriver.java:123)
	at com.qa_academy.TestBase.TestBase.Initialization(TestBase.java:53)
	at com.qa_academy.TestCase.LoginTestCase.setUp(LoginTestCase.java:34)
</pre></div></td>
<td>0</td>
<td>com.qa_academy.TestCase.LoginTestCase@27f981c6</td></tr>
<tr>
<td title='com.qa_academy.TestCase.LoginTestCase.login_Test()'><b>login_Test</b><br>Test class: com.qa_academy.TestCase.LoginTestCase</td>
<td><div><pre>org.openqa.selenium.SessionNotCreatedException: session not created: This version of ChromeDriver only supports Chrome version 80
Build info: version: &apos;3.141.59&apos;, revision: &apos;e82be7d358&apos;, time: &apos;2018-11-14T08:17:03&apos;
System info: host: &apos;DESKTOP-KD7RQOH&apos;, ip: &apos;192.168.1.14&apos;, os.name: &apos;Windows 10&apos;, os.arch: &apos;amd64&apos;, os.version: &apos;10.0&apos;, java.version: &apos;1.8.0_241&apos;
Driver info: driver.version: ChromeDriver
remote stacktrace: Backtrace:
	Ordinal0 [0x006D0C83+1707139]
	Ordinal0 [0x006368F1+1075441]
	Ordinal0 [0x005ADFC9+516041]
	Ordinal0 [0x00540554+66900]
	Ordinal0 [0x0053CCE2+52450]
	Ordinal0 [0x0055BFD7+180183]
	Ordinal0 [0x0055BDDD+179677]
	Ordinal0 [0x00559D4B+171339]
	Ordinal0 [0x00541D4A+73034]
	Ordinal0 [0x00542DC0+77248]
	Ordinal0 [0x00542D59+77145]
	Ordinal0 [0x0064BB67+1162087]
	GetHandleVerifier [0x0076A966+508998]
	GetHandleVerifier [0x0076A6A4+508292]
	GetHandleVerifier [0x0077F7B7+594583]
	GetHandleVerifier [0x0076B1D6+511158]
	Ordinal0 [0x0064402C+1130540]
	Ordinal0 [0x0064D4CB+1168587]
	Ordinal0 [0x0064D633+1168947]
	Ordinal0 [0x00665B35+1268533]
	BaseThreadInitThunk [0x75C16359+25]
	RtlGetAppContainerNamedObjectPath [0x77657C24+228]
	RtlGetAppContainerNamedObjectPath [0x77657BF4+180]

	at org.openqa.selenium.remote.W3CHandshakeResponse.lambda$errorHandler$0(W3CHandshakeResponse.java:62)
	at org.openqa.selenium.remote.HandshakeResponse.lambda$getResponseFunction$0(HandshakeResponse.java:30)
	at org.openqa.selenium.remote.ProtocolHandshake.lambda$createSession$0(ProtocolHandshake.java:126)
	at org.openqa.selenium.remote.ProtocolHandshake.createSession(ProtocolHandshake.java:128)
	at org.openqa.selenium.remote.ProtocolHandshake.createSession(ProtocolHandshake.java:74)
	at org.openqa.selenium.remote.HttpCommandExecutor.execute(HttpCommandExecutor.java:136)
	at org.openqa.selenium.remote.service.DriverCommandExecutor.execute(DriverCommandExecutor.java:83)
	at org.openqa.selenium.remote.RemoteWebDriver.execute(RemoteWebDriver.java:552)
	at org.openqa.selenium.remote.RemoteWebDriver.startSession(RemoteWebDriver.java:213)
	at org.openqa.selenium.remote.RemoteWebDriver.&lt;init&gt;(RemoteWebDriver.java:131)
	at org.openqa.selenium.chrome.ChromeDriver.&lt;init&gt;(ChromeDriver.java:181)
	at org.openqa.selenium.chrome.ChromeDriver.&lt;init&gt;(ChromeDriver.java:168)
	at org.openqa.selenium.chrome.ChromeDriver.&lt;init&gt;(ChromeDriver.java:123)
	at com.qa_academy.TestBase.TestBase.Initialization(TestBase.java:53)
	at com.qa_academy.TestCase.LoginTestCase.setUp(LoginTestCase.java:34)
</pre></div><a href='#' onClick='toggleBox("stack-trace1556461159", this, "Click to show all stack frames", "Click to hide stack frames")'>Click to show all stack frames</a>
<div class='stack-trace' id='stack-trace1556461159'><pre>org.openqa.selenium.SessionNotCreatedException: session not created: This version of ChromeDriver only supports Chrome version 80
Build info: version: &apos;3.141.59&apos;, revision: &apos;e82be7d358&apos;, time: &apos;2018-11-14T08:17:03&apos;
System info: host: &apos;DESKTOP-KD7RQOH&apos;, ip: &apos;192.168.1.14&apos;, os.name: &apos;Windows 10&apos;, os.arch: &apos;amd64&apos;, os.version: &apos;10.0&apos;, java.version: &apos;1.8.0_241&apos;
Driver info: driver.version: ChromeDriver
remote stacktrace: Backtrace:
	Ordinal0 [0x006D0C83+1707139]
	Ordinal0 [0x006368F1+1075441]
	Ordinal0 [0x005ADFC9+516041]
	Ordinal0 [0x00540554+66900]
	Ordinal0 [0x0053CCE2+52450]
	Ordinal0 [0x0055BFD7+180183]
	Ordinal0 [0x0055BDDD+179677]
	Ordinal0 [0x00559D4B+171339]
	Ordinal0 [0x00541D4A+73034]
	Ordinal0 [0x00542DC0+77248]
	Ordinal0 [0x00542D59+77145]
	Ordinal0 [0x0064BB67+1162087]
	GetHandleVerifier [0x0076A966+508998]
	GetHandleVerifier [0x0076A6A4+508292]
	GetHandleVerifier [0x0077F7B7+594583]
	GetHandleVerifier [0x0076B1D6+511158]
	Ordinal0 [0x0064402C+1130540]
	Ordinal0 [0x0064D4CB+1168587]
	Ordinal0 [0x0064D633+1168947]
	Ordinal0 [0x00665B35+1268533]
	BaseThreadInitThunk [0x75C16359+25]
	RtlGetAppContainerNamedObjectPath [0x77657C24+228]
	RtlGetAppContainerNamedObjectPath [0x77657BF4+180]

	at org.openqa.selenium.remote.W3CHandshakeResponse.lambda$errorHandler$0(W3CHandshakeResponse.java:62)
	at org.openqa.selenium.remote.HandshakeResponse.lambda$getResponseFunction$0(HandshakeResponse.java:30)
	at org.openqa.selenium.remote.ProtocolHandshake.lambda$createSession$0(ProtocolHandshake.java:126)
	at org.openqa.selenium.remote.ProtocolHandshake.createSession(ProtocolHandshake.java:128)
	at org.openqa.selenium.remote.ProtocolHandshake.createSession(ProtocolHandshake.java:74)
	at org.openqa.selenium.remote.HttpCommandExecutor.execute(HttpCommandExecutor.java:136)
	at org.openqa.selenium.remote.service.DriverCommandExecutor.execute(DriverCommandExecutor.java:83)
	at org.openqa.selenium.remote.RemoteWebDriver.execute(RemoteWebDriver.java:552)
	at org.openqa.selenium.remote.RemoteWebDriver.startSession(RemoteWebDriver.java:213)
	at org.openqa.selenium.remote.RemoteWebDriver.&lt;init&gt;(RemoteWebDriver.java:131)
	at org.openqa.selenium.chrome.ChromeDriver.&lt;init&gt;(ChromeDriver.java:181)
	at org.openqa.selenium.chrome.ChromeDriver.&lt;init&gt;(ChromeDriver.java:168)
	at org.openqa.selenium.chrome.ChromeDriver.&lt;init&gt;(ChromeDriver.java:123)
	at com.qa_academy.TestBase.TestBase.Initialization(TestBase.java:53)
	at com.qa_academy.TestCase.LoginTestCase.setUp(LoginTestCase.java:34)
</pre></div></td>
<td>0</td>
<td>com.qa_academy.TestCase.LoginTestCase@27f981c6</td></tr>
<tr>
<td title='com.qa_academy.TestCase.LandingValidationTest.test_Title()'><b>test_Title</b><br>Test class: com.qa_academy.TestCase.LandingValidationTest</td>
<td><div><pre>org.openqa.selenium.SessionNotCreatedException: session not created: This version of ChromeDriver only supports Chrome version 80
Build info: version: &apos;3.141.59&apos;, revision: &apos;e82be7d358&apos;, time: &apos;2018-11-14T08:17:03&apos;
System info: host: &apos;DESKTOP-KD7RQOH&apos;, ip: &apos;192.168.1.14&apos;, os.name: &apos;Windows 10&apos;, os.arch: &apos;amd64&apos;, os.version: &apos;10.0&apos;, java.version: &apos;1.8.0_241&apos;
Driver info: driver.version: ChromeDriver
remote stacktrace: Backtrace:
	Ordinal0 [0x006D0C83+1707139]
	Ordinal0 [0x006368F1+1075441]
	Ordinal0 [0x005ADFC9+516041]
	Ordinal0 [0x00540554+66900]
	Ordinal0 [0x0053CCE2+52450]
	Ordinal0 [0x0055BFD7+180183]
	Ordinal0 [0x0055BDDD+179677]
	Ordinal0 [0x00559D4B+171339]
	Ordinal0 [0x00541D4A+73034]
	Ordinal0 [0x00542DC0+77248]
	Ordinal0 [0x00542D59+77145]
	Ordinal0 [0x0064BB67+1162087]
	GetHandleVerifier [0x0076A966+508998]
	GetHandleVerifier [0x0076A6A4+508292]
	GetHandleVerifier [0x0077F7B7+594583]
	GetHandleVerifier [0x0076B1D6+511158]
	Ordinal0 [0x0064402C+1130540]
	Ordinal0 [0x0064D4CB+1168587]
	Ordinal0 [0x0064D633+1168947]
	Ordinal0 [0x00665B35+1268533]
	BaseThreadInitThunk [0x75C16359+25]
	RtlGetAppContainerNamedObjectPath [0x77657C24+228]
	RtlGetAppContainerNamedObjectPath [0x77657BF4+180]

	at org.openqa.selenium.remote.W3CHandshakeResponse.lambda$errorHandler$0(W3CHandshakeResponse.java:62)
	at org.openqa.selenium.remote.HandshakeResponse.lambda$getResponseFunction$0(HandshakeResponse.java:30)
	at org.openqa.selenium.remote.ProtocolHandshake.lambda$createSession$0(ProtocolHandshake.java:126)
	at org.openqa.selenium.remote.ProtocolHandshake.createSession(ProtocolHandshake.java:128)
	at org.openqa.selenium.remote.ProtocolHandshake.createSession(ProtocolHandshake.java:74)
	at org.openqa.selenium.remote.HttpCommandExecutor.execute(HttpCommandExecutor.java:136)
	at org.openqa.selenium.remote.service.DriverCommandExecutor.execute(DriverCommandExecutor.java:83)
	at org.openqa.selenium.remote.RemoteWebDriver.execute(RemoteWebDriver.java:552)
	at org.openqa.selenium.remote.RemoteWebDriver.startSession(RemoteWebDriver.java:213)
	at org.openqa.selenium.remote.RemoteWebDriver.&lt;init&gt;(RemoteWebDriver.java:131)
	at org.openqa.selenium.chrome.ChromeDriver.&lt;init&gt;(ChromeDriver.java:181)
	at org.openqa.selenium.chrome.ChromeDriver.&lt;init&gt;(ChromeDriver.java:168)
	at org.openqa.selenium.chrome.ChromeDriver.&lt;init&gt;(ChromeDriver.java:123)
	at com.qa_academy.TestBase.TestBase.Initialization(TestBase.java:53)
	at com.qa_academy.TestCase.LandingValidationTest.setUp(LandingValidationTest.java:30)
</pre></div><a href='#' onClick='toggleBox("stack-trace248483913", this, "Click to show all stack frames", "Click to hide stack frames")'>Click to show all stack frames</a>
<div class='stack-trace' id='stack-trace248483913'><pre>org.openqa.selenium.SessionNotCreatedException: session not created: This version of ChromeDriver only supports Chrome version 80
Build info: version: &apos;3.141.59&apos;, revision: &apos;e82be7d358&apos;, time: &apos;2018-11-14T08:17:03&apos;
System info: host: &apos;DESKTOP-KD7RQOH&apos;, ip: &apos;192.168.1.14&apos;, os.name: &apos;Windows 10&apos;, os.arch: &apos;amd64&apos;, os.version: &apos;10.0&apos;, java.version: &apos;1.8.0_241&apos;
Driver info: driver.version: ChromeDriver
remote stacktrace: Backtrace:
	Ordinal0 [0x006D0C83+1707139]
	Ordinal0 [0x006368F1+1075441]
	Ordinal0 [0x005ADFC9+516041]
	Ordinal0 [0x00540554+66900]
	Ordinal0 [0x0053CCE2+52450]
	Ordinal0 [0x0055BFD7+180183]
	Ordinal0 [0x0055BDDD+179677]
	Ordinal0 [0x00559D4B+171339]
	Ordinal0 [0x00541D4A+73034]
	Ordinal0 [0x00542DC0+77248]
	Ordinal0 [0x00542D59+77145]
	Ordinal0 [0x0064BB67+1162087]
	GetHandleVerifier [0x0076A966+508998]
	GetHandleVerifier [0x0076A6A4+508292]
	GetHandleVerifier [0x0077F7B7+594583]
	GetHandleVerifier [0x0076B1D6+511158]
	Ordinal0 [0x0064402C+1130540]
	Ordinal0 [0x0064D4CB+1168587]
	Ordinal0 [0x0064D633+1168947]
	Ordinal0 [0x00665B35+1268533]
	BaseThreadInitThunk [0x75C16359+25]
	RtlGetAppContainerNamedObjectPath [0x77657C24+228]
	RtlGetAppContainerNamedObjectPath [0x77657BF4+180]

	at org.openqa.selenium.remote.W3CHandshakeResponse.lambda$errorHandler$0(W3CHandshakeResponse.java:62)
	at org.openqa.selenium.remote.HandshakeResponse.lambda$getResponseFunction$0(HandshakeResponse.java:30)
	at org.openqa.selenium.remote.ProtocolHandshake.lambda$createSession$0(ProtocolHandshake.java:126)
	at org.openqa.selenium.remote.ProtocolHandshake.createSession(ProtocolHandshake.java:128)
	at org.openqa.selenium.remote.ProtocolHandshake.createSession(ProtocolHandshake.java:74)
	at org.openqa.selenium.remote.HttpCommandExecutor.execute(HttpCommandExecutor.java:136)
	at org.openqa.selenium.remote.service.DriverCommandExecutor.execute(DriverCommandExecutor.java:83)
	at org.openqa.selenium.remote.RemoteWebDriver.execute(RemoteWebDriver.java:552)
	at org.openqa.selenium.remote.RemoteWebDriver.startSession(RemoteWebDriver.java:213)
	at org.openqa.selenium.remote.RemoteWebDriver.&lt;init&gt;(RemoteWebDriver.java:131)
	at org.openqa.selenium.chrome.ChromeDriver.&lt;init&gt;(ChromeDriver.java:181)
	at org.openqa.selenium.chrome.ChromeDriver.&lt;init&gt;(ChromeDriver.java:168)
	at org.openqa.selenium.chrome.ChromeDriver.&lt;init&gt;(ChromeDriver.java:123)
	at com.qa_academy.TestBase.TestBase.Initialization(TestBase.java:53)
	at com.qa_academy.TestCase.LandingValidationTest.setUp(LandingValidationTest.java:30)
</pre></div></td>
<td>0</td>
<td>com.qa_academy.TestCase.LandingValidationTest@4c1909a3</td></tr>
</table><p>
</body>
</html>