<?xml version="1.0" encoding="UTF-8"?>
<!-- Generated by org.testng.reporters.JUnitXMLReporter -->
<testsuite hostname="DESKTOP-KD7RQOH" ignored="0" name="LandingObjectsValidation" tests="1" failures="0" timestamp="2020-06-10T18:55:43 PDT" time="1.336" errors="0">
  <testcase name="@BeforeTest setUp" time="1.33" classname="com.qa_academy.TestCase.LandingValidationTest">
    <failure type="org.openqa.selenium.SessionNotCreatedException" message="session not created: This version of ChromeDriver only supports Chrome version 80
Build info: version: &amp;apos;3.141.59&amp;apos;, revision: &amp;apos;e82be7d358&amp;apos;, time: &amp;apos;2018-11-14T08:17:03&amp;apos;
System info: host: &amp;apos;DESKTOP-KD7RQOH&amp;apos;, ip: &amp;apos;192.168.1.14&amp;apos;, os.name: &amp;apos;Windows 10&amp;apos;, os.arch: &amp;apos;amd64&amp;apos;, os.version: &amp;apos;10.0&amp;apos;, java.version: &amp;apos;1.8.0_241&amp;apos;
Driver info: driver.version: ChromeDriver
remote stacktrace: Backtrace:
	Ordinal0 [0x006D0C83+1707139]
	Ordinal0 [0x006368F1+1075441]
	Ordinal0 [0x005ADFC9+516041]
	Ordinal0 [0x00540554+66900]
	Ordinal0 [0x0053CCE2+52450]
	Ordinal0 [0x0055BFD7+180183]
	Ordinal0 [0x0055BDDD+179677]
	Ordinal0 [0x00559D4B+171339]
	Ordinal0 [0x00541D4A+73034]
	Ordinal0 [0x00542DC0+77248]
	Ordinal0 [0x00542D59+77145]
	Ordinal0 [0x0064BB67+1162087]
	GetHandleVerifier [0x0076A966+508998]
	GetHandleVerifier [0x0076A6A4+508292]
	GetHandleVerifier [0x0077F7B7+594583]
	GetHandleVerifier [0x0076B1D6+511158]
	Ordinal0 [0x0064402C+1130540]
	Ordinal0 [0x0064D4CB+1168587]
	Ordinal0 [0x0064D633+1168947]
	Ordinal0 [0x00665B35+1268533]
	BaseThreadInitThunk [0x75C16359+25]
	RtlGetAppContainerNamedObjectPath [0x77657C24+228]
	RtlGetAppContainerNamedObjectPath [0x77657BF4+180]
">
      <![CDATA[org.openqa.selenium.SessionNotCreatedException: session not created: This version of ChromeDriver only supports Chrome version 80
Build info: version: '3.141.59', revision: 'e82be7d358', time: '2018-11-14T08:17:03'
System info: host: 'DESKTOP-KD7RQOH', ip: '192.168.1.14', os.name: 'Windows 10', os.arch: 'amd64', os.version: '10.0', java.version: '1.8.0_241'
Driver info: driver.version: ChromeDriver
remote stacktrace: Backtrace:
Ordinal0 [0x006D0C83+1707139]
Ordinal0 [0x006368F1+1075441]
Ordinal0 [0x005ADFC9+516041]
Ordinal0 [0x00540554+66900]
Ordinal0 [0x0053CCE2+52450]
Ordinal0 [0x0055BFD7+180183]
Ordinal0 [0x0055BDDD+179677]
Ordinal0 [0x00559D4B+171339]
Ordinal0 [0x00541D4A+73034]
Ordinal0 [0x00542DC0+77248]
Ordinal0 [0x00542D59+77145]
Ordinal0 [0x0064BB67+1162087]
GetHandleVerifier [0x0076A966+508998]
GetHandleVerifier [0x0076A6A4+508292]
GetHandleVerifier [0x0077F7B7+594583]
GetHandleVerifier [0x0076B1D6+511158]
Ordinal0 [0x0064402C+1130540]
Ordinal0 [0x0064D4CB+1168587]
Ordinal0 [0x0064D633+1168947]
Ordinal0 [0x00665B35+1268533]
BaseThreadInitThunk [0x75C16359+25]
RtlGetAppContainerNamedObjectPath [0x77657C24+228]
RtlGetAppContainerNamedObjectPath [0x77657BF4+180]

at org.openqa.selenium.remote.W3CHandshakeResponse.lambda$errorHandler$0(W3CHandshakeResponse.java:62)
at org.openqa.selenium.remote.HandshakeResponse.lambda$getResponseFunction$0(HandshakeResponse.java:30)
at org.openqa.selenium.remote.ProtocolHandshake.lambda$createSession$0(ProtocolHandshake.java:126)
at org.openqa.selenium.remote.ProtocolHandshake.createSession(ProtocolHandshake.java:128)
at org.openqa.selenium.remote.ProtocolHandshake.createSession(ProtocolHandshake.java:74)
at org.openqa.selenium.remote.HttpCommandExecutor.execute(HttpCommandExecutor.java:136)
at org.openqa.selenium.remote.service.DriverCommandExecutor.execute(DriverCommandExecutor.java:83)
at org.openqa.selenium.remote.RemoteWebDriver.execute(RemoteWebDriver.java:552)
at org.openqa.selenium.remote.RemoteWebDriver.startSession(RemoteWebDriver.java:213)
at org.openqa.selenium.remote.RemoteWebDriver.<init>(RemoteWebDriver.java:131)
at org.openqa.selenium.chrome.ChromeDriver.<init>(ChromeDriver.java:181)
at org.openqa.selenium.chrome.ChromeDriver.<init>(ChromeDriver.java:168)
at org.openqa.selenium.chrome.ChromeDriver.<init>(ChromeDriver.java:123)
at com.qa_academy.TestBase.TestBase.Initialization(TestBase.java:53)
at com.qa_academy.TestCase.LandingValidationTest.setUp(LandingValidationTest.java:30)
]]>
    </failure>
  </testcase> <!-- @BeforeTest setUp -->
  <testcase name="@AfterTest tearDown" time="-1.591840543369E9" classname="com.qa_academy.TestCase.LandingValidationTest">
    <skipped/>
  </testcase> <!-- @AfterTest tearDown -->
  <testcase name="test_Title" time="0.0" classname="com.qa_academy.TestCase.LandingValidationTest">
    <skipped/>
  </testcase> <!-- test_Title -->
</testsuite> <!-- LandingObjectsValidation -->
