<?xml version="1.0" encoding="UTF-8"?>
<testng-results ignored="0" total="3" passed="1" failed="2" skipped="0">
  <reporter-output>
  </reporter-output>
  <suite started-at="2020-06-30T11:03:19 PDT" name="GroupSmoke" finished-at="2020-06-30T11:06:55 PDT" duration-ms="216574">
    <groups>
      <group name="Smoke">
        <method signature="LoginPageTest.enter_Uname(java.lang.String, java.lang.String)[pri:0, instance:com.flipkart.TestCase.LoginPageTest@53ab0286]" name="enter_Uname" class="com.flipkart.TestCase.LoginPageTest"/>
        <method signature="MyKartPageTest.verifyPlaceOrderButton()[pri:0, instance:com.flipkart.TestCase.MyKartPageTest@63c5efee]" name="verifyPlaceOrderButton" class="com.flipkart.TestCase.MyKartPageTest"/>
        <method signature="PlaceOrderPageTest.verifyDeliveryAddress()[pri:0, instance:com.flipkart.TestCase.PlaceOrderPageTest@2d10e0b1]" name="verifyDeliveryAddress" class="com.flipkart.TestCase.PlaceOrderPageTest"/>
      </group> <!-- Smoke -->
    </groups>
    <test started-at="2020-06-30T11:03:19 PDT" name="Smoke Testing" finished-at="2020-06-30T11:06:55 PDT" duration-ms="216574">
      <class name="com.flipkart.TestCase.MyKartPageTest">
        <test-method is-config="true" signature="setUp()[pri:0, instance:com.flipkart.TestCase.MyKartPageTest@63c5efee]" started-at="2020-06-30T11:06:00 PDT" name="setUp" finished-at="2020-06-30T11:06:30 PDT" duration-ms="29663" status="PASS">
          <reporter-output>
          </reporter-output>
        </test-method> <!-- setUp -->
        <test-method signature="verifyPlaceOrderButton()[pri:0, instance:com.flipkart.TestCase.MyKartPageTest@63c5efee]" started-at="2020-06-30T11:06:30 PDT" name="verifyPlaceOrderButton" finished-at="2020-06-30T11:06:34 PDT" duration-ms="3956" status="FAIL">
          <exception class="java.lang.AssertionError">
            <message>
              <![CDATA[expected [981565] but found []]]>
            </message>
            <full-stacktrace>
              <![CDATA[java.lang.AssertionError: expected [981565] but found []
at org.testng.Assert.fail(Assert.java:97)
at org.testng.Assert.assertEqualsImpl(Assert.java:136)
at org.testng.Assert.assertEquals(Assert.java:118)
at org.testng.Assert.assertEquals(Assert.java:575)
at org.testng.Assert.assertEquals(Assert.java:585)
at com.flipkart.TestCase.MyKartPageTest.verifyPlaceOrderButton(MyKartPageTest.java:279)
at java.base/jdk.internal.reflect.NativeMethodAccessorImpl.invoke0(Native Method)
at java.base/jdk.internal.reflect.NativeMethodAccessorImpl.invoke(NativeMethodAccessorImpl.java:62)
at java.base/jdk.internal.reflect.DelegatingMethodAccessorImpl.invoke(DelegatingMethodAccessorImpl.java:43)
at java.base/java.lang.reflect.Method.invoke(Method.java:566)
at org.testng.internal.MethodInvocationHelper.invokeMethod(MethodInvocationHelper.java:133)
at org.testng.internal.TestInvoker.invokeMethod(TestInvoker.java:584)
at org.testng.internal.TestInvoker.invokeTestMethod(TestInvoker.java:172)
at org.testng.internal.MethodRunner.runInSequence(MethodRunner.java:46)
at org.testng.internal.TestInvoker$MethodInvocationAgent.invoke(TestInvoker.java:804)
at org.testng.internal.TestInvoker.invokeTestMethods(TestInvoker.java:145)
at org.testng.internal.TestMethodWorker.invokeTestMethods(TestMethodWorker.java:146)
at org.testng.internal.TestMethodWorker.run(TestMethodWorker.java:128)
at java.base/java.util.ArrayList.forEach(ArrayList.java:1540)
at org.testng.TestRunner.privateRun(TestRunner.java:770)
at org.testng.TestRunner.run(TestRunner.java:591)
at org.testng.SuiteRunner.runTest(SuiteRunner.java:402)
at org.testng.SuiteRunner.access$000(SuiteRunner.java:41)
at org.testng.SuiteRunner$SuiteWorker.run(SuiteRunner.java:443)
at org.testng.internal.thread.ThreadUtil.lambda$execute$0(ThreadUtil.java:67)
at java.base/java.util.concurrent.FutureTask.run(FutureTask.java:264)
at java.base/java.util.concurrent.ThreadPoolExecutor.runWorker(ThreadPoolExecutor.java:1128)
at java.base/java.util.concurrent.ThreadPoolExecutor$Worker.run(ThreadPoolExecutor.java:628)
at java.base/java.lang.Thread.run(Thread.java:834)
]]>
            </full-stacktrace>
          </exception> <!-- java.lang.AssertionError -->
          <reporter-output>
          </reporter-output>
        </test-method> <!-- verifyPlaceOrderButton -->
        <test-method is-config="true" signature="tearDown()[pri:0, instance:com.flipkart.TestCase.MyKartPageTest@63c5efee]" started-at="2020-06-30T11:06:34 PDT" name="tearDown" finished-at="2020-06-30T11:06:35 PDT" duration-ms="718" status="PASS">
          <reporter-output>
          </reporter-output>
        </test-method> <!-- tearDown -->
      </class> <!-- com.flipkart.TestCase.MyKartPageTest -->
      <class name="com.flipkart.TestCase.PlaceOrderPageTest">
        <test-method is-config="true" signature="setUp()[pri:0, instance:com.flipkart.TestCase.PlaceOrderPageTest@2d10e0b1]" started-at="2020-06-30T11:06:35 PDT" name="setUp" finished-at="2020-06-30T11:06:53 PDT" duration-ms="17681" status="PASS">
          <reporter-output>
          </reporter-output>
        </test-method> <!-- setUp -->
        <test-method signature="verifyDeliveryAddress()[pri:0, instance:com.flipkart.TestCase.PlaceOrderPageTest@2d10e0b1]" started-at="2020-06-30T11:06:53 PDT" name="verifyDeliveryAddress" finished-at="2020-06-30T11:06:55 PDT" duration-ms="2587" status="PASS">
          <reporter-output>
          </reporter-output>
        </test-method> <!-- verifyDeliveryAddress -->
        <test-method is-config="true" signature="tearDown()[pri:0, instance:com.flipkart.TestCase.PlaceOrderPageTest@2d10e0b1]" started-at="2020-06-30T11:06:55 PDT" name="tearDown" finished-at="2020-06-30T11:06:55 PDT" duration-ms="97" status="PASS">
          <reporter-output>
          </reporter-output>
        </test-method> <!-- tearDown -->
      </class> <!-- com.flipkart.TestCase.PlaceOrderPageTest -->
      <class name="com.flipkart.TestCase.LoginPageTest">
        <test-method is-config="true" signature="setUp()[pri:0, instance:com.flipkart.TestCase.LoginPageTest@53ab0286]" started-at="2020-06-30T11:03:19 PDT" name="setUp" finished-at="2020-06-30T11:04:40 PDT" duration-ms="80781" status="PASS">
          <reporter-output>
          </reporter-output>
        </test-method> <!-- setUp -->
        <test-method signature="enter_Uname(java.lang.String, java.lang.String)[pri:0, instance:com.flipkart.TestCase.LoginPageTest@53ab0286]" started-at="2020-06-30T11:04:40 PDT" name="enter_Uname" finished-at="2020-06-30T11:06:00 PDT" duration-ms="80079" status="FAIL">
          <params>
            <param index="0">
              <value>
                <![CDATA[9994141567]]>
              </value>
            </param>
            <param index="1">
              <value>
                <![CDATA[9994141567]]>
              </value>
            </param>
          </params>
          <exception class="org.openqa.selenium.NoSuchElementException">
            <message>
              <![CDATA[no such element: Unable to locate element: {"method":"xpath","selector":"//span[text()='Enter Email/Mobile number']/parent::label/parent::div/child::input"}
  (Session info: chrome=80.0.3987.106)
For documentation on this error, please visit: https://www.seleniumhq.org/exceptions/no_such_element.html
Build info: version: '3.141.59', revision: 'e82be7d358', time: '2018-11-14T08:17:03'
System info: host: 'DESKTOP-KD7RQOH', ip: '192.168.1.14', os.name: 'Windows 10', os.arch: 'amd64', os.version: '10.0', java.version: '11.0.5'
Driver info: org.openqa.selenium.chrome.ChromeDriver
Capabilities {acceptInsecureCerts: false, browserName: chrome, browserVersion: 80.0.3987.106, chrome: {chromedriverVersion: 80.0.3987.106 (f68069574609..., userDataDir: C:\Users\selvi\AppData\Loca...}, goog:chromeOptions: {debuggerAddress: localhost:55612}, javascriptEnabled: true, networkConnectionEnabled: false, pageLoadStrategy: normal, platform: WINDOWS, platformName: WINDOWS, proxy: Proxy(), setWindowRect: true, strictFileInteractability: false, timeouts: {implicit: 0, pageLoad: 300000, script: 30000}, unhandledPromptBehavior: dismiss and notify}
Session ID: 930f1faa8bba2474ca9cac8c83c9f279
*** Element info: {Using=xpath, value=//span[text()='Enter Email/Mobile number']/parent::label/parent::div/child::input}]]>
            </message>
            <full-stacktrace>
              <![CDATA[org.openqa.selenium.NoSuchElementException: no such element: Unable to locate element: {"method":"xpath","selector":"//span[text()='Enter Email/Mobile number']/parent::label/parent::div/child::input"}
  (Session info: chrome=80.0.3987.106)
For documentation on this error, please visit: https://www.seleniumhq.org/exceptions/no_such_element.html
Build info: version: '3.141.59', revision: 'e82be7d358', time: '2018-11-14T08:17:03'
System info: host: 'DESKTOP-KD7RQOH', ip: '192.168.1.14', os.name: 'Windows 10', os.arch: 'amd64', os.version: '10.0', java.version: '11.0.5'
Driver info: org.openqa.selenium.chrome.ChromeDriver
Capabilities {acceptInsecureCerts: false, browserName: chrome, browserVersion: 80.0.3987.106, chrome: {chromedriverVersion: 80.0.3987.106 (f68069574609..., userDataDir: C:\Users\selvi\AppData\Loca...}, goog:chromeOptions: {debuggerAddress: localhost:55612}, javascriptEnabled: true, networkConnectionEnabled: false, pageLoadStrategy: normal, platform: WINDOWS, platformName: WINDOWS, proxy: Proxy(), setWindowRect: true, strictFileInteractability: false, timeouts: {implicit: 0, pageLoad: 300000, script: 30000}, unhandledPromptBehavior: dismiss and notify}
Session ID: 930f1faa8bba2474ca9cac8c83c9f279
*** Element info: {Using=xpath, value=//span[text()='Enter Email/Mobile number']/parent::label/parent::div/child::input}
at java.base/jdk.internal.reflect.NativeConstructorAccessorImpl.newInstance0(Native Method)
at java.base/jdk.internal.reflect.NativeConstructorAccessorImpl.newInstance(NativeConstructorAccessorImpl.java:62)
at java.base/jdk.internal.reflect.DelegatingConstructorAccessorImpl.newInstance(DelegatingConstructorAccessorImpl.java:45)
at java.base/java.lang.reflect.Constructor.newInstance(Constructor.java:490)
at org.openqa.selenium.remote.http.W3CHttpResponseCodec.createException(W3CHttpResponseCodec.java:187)
at org.openqa.selenium.remote.http.W3CHttpResponseCodec.decode(W3CHttpResponseCodec.java:122)
at org.openqa.selenium.remote.http.W3CHttpResponseCodec.decode(W3CHttpResponseCodec.java:49)
at org.openqa.selenium.remote.HttpCommandExecutor.execute(HttpCommandExecutor.java:158)
at org.openqa.selenium.remote.service.DriverCommandExecutor.execute(DriverCommandExecutor.java:83)
at org.openqa.selenium.remote.RemoteWebDriver.execute(RemoteWebDriver.java:552)
at org.openqa.selenium.remote.RemoteWebDriver.findElement(RemoteWebDriver.java:323)
at org.openqa.selenium.remote.RemoteWebDriver.findElementByXPath(RemoteWebDriver.java:428)
at org.openqa.selenium.By$ByXPath.findElement(By.java:353)
at org.openqa.selenium.remote.RemoteWebDriver.findElement(RemoteWebDriver.java:315)
at org.openqa.selenium.support.pagefactory.DefaultElementLocator.findElement(DefaultElementLocator.java:69)
at org.openqa.selenium.support.pagefactory.internal.LocatingElementHandler.invoke(LocatingElementHandler.java:38)
at com.sun.proxy.$Proxy28.sendKeys(Unknown Source)
at com.flipkart.PageObjects.LoginPage.enterUname(LoginPage.java:54)
at com.flipkart.TestCase.LoginPageTest.enter_Uname(LoginPageTest.java:51)
at java.base/jdk.internal.reflect.NativeMethodAccessorImpl.invoke0(Native Method)
at java.base/jdk.internal.reflect.NativeMethodAccessorImpl.invoke(NativeMethodAccessorImpl.java:62)
at java.base/jdk.internal.reflect.DelegatingMethodAccessorImpl.invoke(DelegatingMethodAccessorImpl.java:43)
at java.base/java.lang.reflect.Method.invoke(Method.java:566)
at org.testng.internal.MethodInvocationHelper.invokeMethod(MethodInvocationHelper.java:133)
at org.testng.internal.TestInvoker.invokeMethod(TestInvoker.java:584)
at org.testng.internal.TestInvoker.invokeTestMethod(TestInvoker.java:172)
at org.testng.internal.MethodRunner.runInSequence(MethodRunner.java:46)
at org.testng.internal.TestInvoker$MethodInvocationAgent.invoke(TestInvoker.java:804)
at org.testng.internal.TestInvoker.invokeTestMethods(TestInvoker.java:145)
at org.testng.internal.TestMethodWorker.invokeTestMethods(TestMethodWorker.java:146)
at org.testng.internal.TestMethodWorker.run(TestMethodWorker.java:128)
at java.base/java.util.ArrayList.forEach(ArrayList.java:1540)
at org.testng.TestRunner.privateRun(TestRunner.java:770)
at org.testng.TestRunner.run(TestRunner.java:591)
at org.testng.SuiteRunner.runTest(SuiteRunner.java:402)
at org.testng.SuiteRunner.access$000(SuiteRunner.java:41)
at org.testng.SuiteRunner$SuiteWorker.run(SuiteRunner.java:443)
at org.testng.internal.thread.ThreadUtil.lambda$execute$0(ThreadUtil.java:67)
at java.base/java.util.concurrent.FutureTask.run(FutureTask.java:264)
at java.base/java.util.concurrent.ThreadPoolExecutor.runWorker(ThreadPoolExecutor.java:1128)
at java.base/java.util.concurrent.ThreadPoolExecutor$Worker.run(ThreadPoolExecutor.java:628)
at java.base/java.lang.Thread.run(Thread.java:834)
]]>
            </full-stacktrace>
          </exception> <!-- org.openqa.selenium.NoSuchElementException -->
          <reporter-output>
          </reporter-output>
        </test-method> <!-- enter_Uname -->
        <test-method is-config="true" signature="tearDown()[pri:0, instance:com.flipkart.TestCase.LoginPageTest@53ab0286]" started-at="2020-06-30T11:06:00 PDT" name="tearDown" finished-at="2020-06-30T11:06:00 PDT" duration-ms="92" status="PASS">
          <reporter-output>
          </reporter-output>
        </test-method> <!-- tearDown -->
      </class> <!-- com.flipkart.TestCase.LoginPageTest -->
    </test> <!-- Smoke Testing -->
  </suite> <!-- GroupSmoke -->
</testng-results>
