<?xml version="1.0" encoding="UTF-8"?>
<!-- Generated by org.testng.reporters.JUnitXMLReporter -->
<testsuite ignored="1" hostname="DESKTOP-KD7RQOH" failures="1" tests="10" name="Regression_ThreePageTest" time="476.479" errors="0" timestamp="2020-06-24T14:38:31 PDT">
  <testcase classname="com.flipkart.TestCase.LoginPageTest" name="enter_Uname" time="3.123"/>
  <testcase classname="com.flipkart.TestCase.MyKartPageTest" name="deleteMyItem" time="18.921"/>
  <testcase classname="com.flipkart.TestCase.MyKartPageTest" name="display" time="3.96"/>
  <testcase classname="com.flipkart.TestCase.MyKartPageTest" name="saveLaterItem" time="13.636"/>
  <testcase classname="com.flipkart.TestCase.MyKartPageTest" name="verifyItemPrices" time="32.277"/>
  <testcase classname="com.flipkart.TestCase.MyKartPageTest" name="verifyPlaceOrderButton" time="6.168"/>
  <testcase classname="com.flipkart.TestCase.MyKartPageTest" name="verifyPriceItemCount" time="3.11"/>
  <testcase classname="com.flipkart.TestCase.MyKartPageTest" name="verifyTotalAmount" time="3.199"/>
  <testcase classname="com.flipkart.TestCase.ItemPageTest" name="enterItem" time="169.217">
    <failure type="org.openqa.selenium.TimeoutException" message="Expected condition failed: waiting for visibility of element located by By.xpath: //div[@class=&amp;apos;_3BTv9X _3iN4zu&amp;apos;]/child::img (tried for 100 second(s) with 500 milliseconds interval)">
      <![CDATA[org.openqa.selenium.TimeoutException: Expected condition failed: waiting for visibility of element located by By.xpath: //div[@class='_3BTv9X _3iN4zu']/child::img (tried for 100 second(s) with 500 milliseconds interval)
at org.openqa.selenium.support.ui.WebDriverWait.timeoutException(WebDriverWait.java:95)
at org.openqa.selenium.support.ui.FluentWait.until(FluentWait.java:272)
at com.flipkart.PageObjects.KartHomePage.verifyKartHome(KartHomePage.java:44)
at com.flipkart.TestCase.ItemPageTest.enterItem(ItemPageTest.java:47)
at java.base/java.util.ArrayList.forEach(ArrayList.java:1540)
Caused by: org.openqa.selenium.NoSuchElementException: no such element: Unable to locate element: {"method":"xpath","selector":"//div[@class='_3BTv9X _3iN4zu']/child::img"}
  (Session info: chrome=80.0.3987.106)
For documentation on this error, please visit: https://www.seleniumhq.org/exceptions/no_such_element.html
Build info: version: '3.141.59', revision: 'e82be7d358', time: '2018-11-14T08:17:03'
System info: host: 'DESKTOP-KD7RQOH', ip: '192.168.1.14', os.name: 'Windows 10', os.arch: 'amd64', os.version: '10.0', java.version: '11.0.5'
Driver info: org.openqa.selenium.chrome.ChromeDriver
Capabilities {acceptInsecureCerts: false, browserName: chrome, browserVersion: 80.0.3987.106, chrome: {chromedriverVersion: 80.0.3987.106 (f68069574609..., userDataDir: C:\Users\selvi\AppData\Loca...}, goog:chromeOptions: {debuggerAddress: localhost:51186}, javascriptEnabled: true, networkConnectionEnabled: false, pageLoadStrategy: normal, platform: WINDOWS, platformName: WINDOWS, proxy: Proxy(), setWindowRect: true, strictFileInteractability: false, timeouts: {implicit: 0, pageLoad: 300000, script: 30000}, unhandledPromptBehavior: dismiss and notify}
Session ID: a83339cc8fe18bfee6cc8c83ca2f9e21
*** Element info: {Using=xpath, value=//div[@class='_3BTv9X _3iN4zu']/child::img}
at org.openqa.selenium.remote.http.W3CHttpResponseCodec.createException(W3CHttpResponseCodec.java:187)
at org.openqa.selenium.remote.http.W3CHttpResponseCodec.decode(W3CHttpResponseCodec.java:122)
at org.openqa.selenium.remote.http.W3CHttpResponseCodec.decode(W3CHttpResponseCodec.java:49)
at org.openqa.selenium.remote.HttpCommandExecutor.execute(HttpCommandExecutor.java:158)
at org.openqa.selenium.remote.service.DriverCommandExecutor.execute(DriverCommandExecutor.java:83)
at org.openqa.selenium.remote.RemoteWebDriver.execute(RemoteWebDriver.java:552)
at org.openqa.selenium.remote.RemoteWebDriver.findElement(RemoteWebDriver.java:323)
at org.openqa.selenium.remote.RemoteWebDriver.findElementByXPath(RemoteWebDriver.java:428)
at org.openqa.selenium.By$ByXPath.findElement(By.java:353)
at org.openqa.selenium.remote.RemoteWebDriver.findElement(RemoteWebDriver.java:315)
at org.openqa.selenium.support.ui.ExpectedConditions$7.apply(ExpectedConditions.java:205)
at org.openqa.selenium.support.ui.ExpectedConditions$7.apply(ExpectedConditions.java:201)
at org.openqa.selenium.support.ui.FluentWait.until(FluentWait.java:249)
... 30 more
... Removed 31 stack frames]]>
    </failure>
  </testcase> <!-- enterItem -->
  <testcase classname="com.flipkart.TestCase.PlaceOrderPageTest" name="verifyDeliveryAddress" time="3.019"/>
  <testcase classname="com.flipkart.TestCase.KartHomePageTest" name="click_Add" time="0.0">
    <ignored/>
  </testcase> <!-- click_Add -->
</testsuite> <!-- Regression_ThreePageTest -->
