<?xml version="1.0" encoding="UTF-8"?>
<!-- Generated by org.testng.reporters.JUnitReportReporter -->
<testsuite skipped="2" hostname="DESKTOP-KD7RQOH" name="com.qa_academy.TestCase.LoginTestCase" tests="3" failures="0" timestamp="2020-06-10T18:55:43 PDT" time="1.499" errors="1">
  <testcase name="login_Test" time="0.000" classname="com.qa_academy.TestCase.LoginTestCase">
    <skipped/>
  </testcase> <!-- login_Test -->
  <system-out/>
  <testcase name="setUp" time="1.499" classname="com.qa_academy.TestCase.LoginTestCase">
    <error type="org.openqa.selenium.SessionNotCreatedException" message="session not created: This version of ChromeDriver only supports Chrome version 80
Build info: version: &#039;3.141.59&#039;, revision: &#039;e82be7d358&#039;, time: &#039;2018-11-14T08:17:03&#039;
System info: host: &#039;DESKTOP-KD7RQOH&#039;, ip: &#039;192.168.1.14&#039;, os.name: &#039;Windows 10&#039;, os.arch: &#039;amd64&#039;, os.version: &#039;10.0&#039;, java.version: &#039;1.8.0_241&#039;
Driver info: driver.version: ChromeDriver
remote stacktrace: Backtrace:
	Ordinal0 [0x006D0C83+1707139]
	Ordinal0 [0x006368F1+1075441]
	Ordinal0 [0x005ADFC9+516041]
	Ordinal0 [0x00540554+66900]
	Ordinal0 [0x0053CCE2+52450]
	Ordinal0 [0x0055BFD7+180183]
	Ordinal0 [0x0055BDDD+179677]
	Ordinal0 [0x00559D4B+171339]
	Ordinal0 [0x00541D4A+73034]
	Ordinal0 [0x00542DC0+77248]
	Ordinal0 [0x00542D59+77145]
	Ordinal0 [0x0064BB67+1162087]
	GetHandleVerifier [0x0076A966+508998]
	GetHandleVerifier [0x0076A6A4+508292]
	GetHandleVerifier [0x0077F7B7+594583]
	GetHandleVerifier [0x0076B1D6+511158]
	Ordinal0 [0x0064402C+1130540]
	Ordinal0 [0x0064D4CB+1168587]
	Ordinal0 [0x0064D633+1168947]
	Ordinal0 [0x00665B35+1268533]
	BaseThreadInitThunk [0x75C16359+25]
	RtlGetAppContainerNamedObjectPath [0x77657C24+228]
	RtlGetAppContainerNamedObjectPath [0x77657BF4+180]
">
      <![CDATA[org.openqa.selenium.SessionNotCreatedException: session not created: This version of ChromeDriver only supports Chrome version 80
Build info: version: '3.141.59', revision: 'e82be7d358', time: '2018-11-14T08:17:03'
System info: host: 'DESKTOP-KD7RQOH', ip: '192.168.1.14', os.name: 'Windows 10', os.arch: 'amd64', os.version: '10.0', java.version: '1.8.0_241'
Driver info: driver.version: ChromeDriver
remote stacktrace: Backtrace:
Ordinal0 [0x006D0C83+1707139]
Ordinal0 [0x006368F1+1075441]
Ordinal0 [0x005ADFC9+516041]
Ordinal0 [0x00540554+66900]
Ordinal0 [0x0053CCE2+52450]
Ordinal0 [0x0055BFD7+180183]
Ordinal0 [0x0055BDDD+179677]
Ordinal0 [0x00559D4B+171339]
Ordinal0 [0x00541D4A+73034]
Ordinal0 [0x00542DC0+77248]
Ordinal0 [0x00542D59+77145]
Ordinal0 [0x0064BB67+1162087]
GetHandleVerifier [0x0076A966+508998]
GetHandleVerifier [0x0076A6A4+508292]
GetHandleVerifier [0x0077F7B7+594583]
GetHandleVerifier [0x0076B1D6+511158]
Ordinal0 [0x0064402C+1130540]
Ordinal0 [0x0064D4CB+1168587]
Ordinal0 [0x0064D633+1168947]
Ordinal0 [0x00665B35+1268533]
BaseThreadInitThunk [0x75C16359+25]
RtlGetAppContainerNamedObjectPath [0x77657C24+228]
RtlGetAppContainerNamedObjectPath [0x77657BF4+180]

at org.openqa.selenium.remote.W3CHandshakeResponse.lambda$errorHandler$0(W3CHandshakeResponse.java:62)
at org.openqa.selenium.remote.HandshakeResponse.lambda$getResponseFunction$0(HandshakeResponse.java:30)
at org.openqa.selenium.remote.ProtocolHandshake.lambda$createSession$0(ProtocolHandshake.java:126)
at org.openqa.selenium.remote.ProtocolHandshake.createSession(ProtocolHandshake.java:128)
at org.openqa.selenium.remote.ProtocolHandshake.createSession(ProtocolHandshake.java:74)
at org.openqa.selenium.remote.HttpCommandExecutor.execute(HttpCommandExecutor.java:136)
at org.openqa.selenium.remote.service.DriverCommandExecutor.execute(DriverCommandExecutor.java:83)
at org.openqa.selenium.remote.RemoteWebDriver.execute(RemoteWebDriver.java:552)
at org.openqa.selenium.remote.RemoteWebDriver.startSession(RemoteWebDriver.java:213)
at org.openqa.selenium.remote.RemoteWebDriver.<init>(RemoteWebDriver.java:131)
at org.openqa.selenium.chrome.ChromeDriver.<init>(ChromeDriver.java:181)
at org.openqa.selenium.chrome.ChromeDriver.<init>(ChromeDriver.java:168)
at org.openqa.selenium.chrome.ChromeDriver.<init>(ChromeDriver.java:123)
at com.qa_academy.TestBase.TestBase.Initialization(TestBase.java:53)
at com.qa_academy.TestCase.LoginTestCase.setUp(LoginTestCase.java:34)
]]>
    </error>
  </testcase> <!-- setUp -->
  <system-out/>
  <testcase name="login_Test" time="0.000" classname="com.qa_academy.TestCase.LoginTestCase">
    <skipped/>
  </testcase> <!-- login_Test -->
  <system-out/>
</testsuite> <!-- com.qa_academy.TestCase.LoginTestCase -->
