<?xml version="1.0" encoding="UTF-8"?>
<!-- Generated by org.testng.reporters.JUnitXMLReporter -->
<testsuite ignored="1" hostname="DESKTOP-KD7RQOH" failures="1" tests="4" name="Home loan" time="0.055" errors="0" timestamp="2020-05-18T06:28:55 PDT">
  <testcase classname="TestNG_FrameWork.Home_Loan" name="homeapi_Login" time="0.022"/>
  <testcase classname="TestNG_FrameWork.Home_Loan" name="homemobile_Login" time="0.002"/>
  <testcase classname="TestNG_FrameWork.Home_Loan" name="homeweb_Login" time="0.0">
    <failure type="org.testng.TestNGException" message="
Parameter &amp;apos;URL&amp;apos; is required by @Test on method homeweb_Login but has not been marked @Optional or defined
in C:\Users\selvi\eclipse-workspace\Selenium_Rahul\include_exclude.xml">
      <![CDATA[org.testng.TestNGException: 
Parameter 'URL' is required by @Test on method homeweb_Login but has not been marked @Optional or defined
in C:\Users\selvi\eclipse-workspace\Selenium_Rahul\include_exclude.xml
at java.base/java.util.ArrayList.forEach(ArrayList.java:1540)
... Removed 26 stack frames]]>
    </failure>
  </testcase> <!-- homeweb_Login -->
  <testcase classname="TestNG_FrameWork.Home_Loan" name="home_Singin" time="0.0">
    <skipped/>
  </testcase> <!-- home_Singin -->
  <testcase classname="TestNG_FrameWork.Home_Loan" name="homeapi_Singout" time="0.0">
    <ignored/>
  </testcase> <!-- homeapi_Singout -->
</testsuite> <!-- Home loan -->
