<html>
<head>
<title>TestNG:  Home loan</title>
<link href="../testng.css" rel="stylesheet" type="text/css" />
<link href="../my-testng.css" rel="stylesheet" type="text/css" />

<style type="text/css">
.log { display: none;} 
.stack-trace { display: none;} 
</style>
<script type="text/javascript">
<!--
function flip(e) {
  current = e.style.display;
  if (current == 'block') {
    e.style.display = 'none';
    return 0;
  }
  else {
    e.style.display = 'block';
    return 1;
  }
}

function toggleBox(szDivId, elem, msg1, msg2)
{
  var res = -1;  if (document.getElementById) {
    res = flip(document.getElementById(szDivId));
  }
  else if (document.all) {
    // this is the way old msie versions work
    res = flip(document.all[szDivId]);
  }
  if(elem) {
    if(res == 0) elem.innerHTML = msg1; else elem.innerHTML = msg2;
  }

}

function toggleAllBoxes() {
  if (document.getElementsByTagName) {
    d = document.getElementsByTagName('div');
    for (i = 0; i < d.length; i++) {
      if (d[i].className == 'log') {
        flip(d[i]);
      }
    }
  }
}

// -->
</script>

</head>
<body>
<h2 align='center'>Home loan</h2><table border='1' align="center">
<tr>
<td>Tests passed/Failed/Skipped:</td><td>2/1/1</td>
</tr><tr>
<td>Started on:</td><td>Mon May 18 06:28:55 PDT 2020</td>
</tr>
<tr><td>Total time:</td><td>0 seconds (55 ms)</td>
</tr><tr>
<td>Included groups:</td><td></td>
</tr><tr>
<td>Excluded groups:</td><td></td>
</tr>
</table><p/>
<small><i>(Hover the method name to see the test class name)</i></small><p/>
<table width='100%' border='1' class='invocation-failed'>
<tr><td colspan='4' align='center'><b>FAILED TESTS</b></td></tr>
<tr><td><b>Test method</b></td>
<td width="30%"><b>Exception</b></td>
<td width="10%"><b>Time (seconds)</b></td>
<td><b>Instance</b></td>
</tr>
<tr>
<td title='TestNG_FrameWork.Home_Loan.homeweb_Login()'><b>homeweb_Login</b><br>Test class: TestNG_FrameWork.Home_Loan</td>
<td><div><pre>org.testng.TestNGException: 
Parameter &apos;URL&apos; is required by @Test on method homeweb_Login but has not been marked @Optional or defined
in C:\Users\selvi\eclipse-workspace\Selenium_Rahul\include_exclude.xml
	at java.base/java.util.ArrayList.forEach(ArrayList.java:1540)
... Removed 26 stack frames</pre></div><a href='#' onClick='toggleBox("stack-trace1428475041", this, "Click to show all stack frames", "Click to hide stack frames")'>Click to show all stack frames</a>
<div class='stack-trace' id='stack-trace1428475041'><pre>org.testng.TestNGException: 
Parameter &apos;URL&apos; is required by @Test on method homeweb_Login but has not been marked @Optional or defined
in C:\Users\selvi\eclipse-workspace\Selenium_Rahul\include_exclude.xml
	at org.testng.internal.Parameters.createParams(Parameters.java:289)
	at org.testng.internal.Parameters.createParametersForMethod(Parameters.java:377)
	at org.testng.internal.Parameters.createParameters(Parameters.java:721)
	at org.testng.internal.Parameters.handleParameters(Parameters.java:895)
	at org.testng.internal.Parameters.handleParameters(Parameters.java:762)
	at org.testng.internal.ParameterHandler.handleParameters(ParameterHandler.java:60)
	at org.testng.internal.ParameterHandler.createParameters(ParameterHandler.java:39)
	at org.testng.internal.TestInvoker$MethodInvocationAgent.invoke(TestInvoker.java:771)
	at org.testng.internal.TestInvoker.invokeTestMethods(TestInvoker.java:145)
	at org.testng.internal.TestMethodWorker.invokeTestMethods(TestMethodWorker.java:146)
	at org.testng.internal.TestMethodWorker.run(TestMethodWorker.java:128)
	at java.base/java.util.ArrayList.forEach(ArrayList.java:1540)
	at org.testng.TestRunner.privateRun(TestRunner.java:770)
	at org.testng.TestRunner.run(TestRunner.java:591)
	at org.testng.SuiteRunner.runTest(SuiteRunner.java:402)
	at org.testng.SuiteRunner.runSequentially(SuiteRunner.java:396)
	at org.testng.SuiteRunner.privateRun(SuiteRunner.java:355)
	at org.testng.SuiteRunner.run(SuiteRunner.java:304)
	at org.testng.SuiteRunnerWorker.runSuite(SuiteRunnerWorker.java:53)
	at org.testng.SuiteRunnerWorker.run(SuiteRunnerWorker.java:96)
	at org.testng.TestNG.runSuitesSequentially(TestNG.java:1180)
	at org.testng.TestNG.runSuitesLocally(TestNG.java:1102)
	at org.testng.TestNG.runSuites(TestNG.java:1032)
	at org.testng.TestNG.run(TestNG.java:1000)
	at org.testng.remote.AbstractRemoteTestNG.run(AbstractRemoteTestNG.java:115)
	at org.testng.remote.RemoteTestNG.initAndRun(RemoteTestNG.java:251)
	at org.testng.remote.RemoteTestNG.main(RemoteTestNG.java:77)
</pre></div></td>
<td>0</td>
<td>TestNG_FrameWork.Home_Loan@3943a2be</td></tr>
<tr>
<td title='TestNG_FrameWork.Personal_Loan.p_Loan()'><b>p_Loan</b><br>Test class: TestNG_FrameWork.Personal_Loan</td>
<td><div><pre>org.testng.TestNGException: 
Parameter &apos;URL&apos; is required by @Test on method p_Loan but has not been marked @Optional or defined
in C:\Users\selvi\eclipse-workspace\Selenium_Rahul\include_exclude.xml
	at java.base/java.util.ArrayList.forEach(ArrayList.java:1540)
... Removed 26 stack frames</pre></div><a href='#' onClick='toggleBox("stack-trace359368949", this, "Click to show all stack frames", "Click to hide stack frames")'>Click to show all stack frames</a>
<div class='stack-trace' id='stack-trace359368949'><pre>org.testng.TestNGException: 
Parameter &apos;URL&apos; is required by @Test on method p_Loan but has not been marked @Optional or defined
in C:\Users\selvi\eclipse-workspace\Selenium_Rahul\include_exclude.xml
	at org.testng.internal.Parameters.createParams(Parameters.java:289)
	at org.testng.internal.Parameters.createParametersForMethod(Parameters.java:377)
	at org.testng.internal.Parameters.createParameters(Parameters.java:721)
	at org.testng.internal.Parameters.handleParameters(Parameters.java:895)
	at org.testng.internal.Parameters.handleParameters(Parameters.java:762)
	at org.testng.internal.ParameterHandler.handleParameters(ParameterHandler.java:60)
	at org.testng.internal.ParameterHandler.createParameters(ParameterHandler.java:39)
	at org.testng.internal.TestInvoker$MethodInvocationAgent.invoke(TestInvoker.java:771)
	at org.testng.internal.TestInvoker.invokeTestMethods(TestInvoker.java:145)
	at org.testng.internal.TestMethodWorker.invokeTestMethods(TestMethodWorker.java:146)
	at org.testng.internal.TestMethodWorker.run(TestMethodWorker.java:128)
	at java.base/java.util.ArrayList.forEach(ArrayList.java:1540)
	at org.testng.TestRunner.privateRun(TestRunner.java:770)
	at org.testng.TestRunner.run(TestRunner.java:591)
	at org.testng.SuiteRunner.runTest(SuiteRunner.java:402)
	at org.testng.SuiteRunner.runSequentially(SuiteRunner.java:396)
	at org.testng.SuiteRunner.privateRun(SuiteRunner.java:355)
	at org.testng.SuiteRunner.run(SuiteRunner.java:304)
	at org.testng.SuiteRunnerWorker.runSuite(SuiteRunnerWorker.java:53)
	at org.testng.SuiteRunnerWorker.run(SuiteRunnerWorker.java:96)
	at org.testng.TestNG.runSuitesSequentially(TestNG.java:1180)
	at org.testng.TestNG.runSuitesLocally(TestNG.java:1102)
	at org.testng.TestNG.runSuites(TestNG.java:1032)
	at org.testng.TestNG.run(TestNG.java:1000)
	at org.testng.remote.AbstractRemoteTestNG.run(AbstractRemoteTestNG.java:115)
	at org.testng.remote.RemoteTestNG.initAndRun(RemoteTestNG.java:251)
	at org.testng.remote.RemoteTestNG.main(RemoteTestNG.java:77)
</pre></div></td>
<td>0</td>
<td>TestNG_FrameWork.Personal_Loan@5f8edcc5</td></tr>
</table><p>
<table width='100%' border='1' class='invocation-passed'>
<tr><td colspan='4' align='center'><b>PASSED TESTS</b></td></tr>
<tr><td><b>Test method</b></td>
<td width="30%"><b>Exception</b></td>
<td width="10%"><b>Time (seconds)</b></td>
<td><b>Instance</b></td>
</tr>
<tr>
<td title='TestNG_FrameWork.Car_Loan.carapi_Login()'><b>carapi_Login</b><br>Test class: TestNG_FrameWork.Car_Loan</td>
<td></td>
<td>0</td>
<td>TestNG_FrameWork.Car_Loan@117e949d</td></tr>
<tr>
<td title='TestNG_FrameWork.Car_Loan.carmobile_Login()'><b>carmobile_Login</b><br>Test class: TestNG_FrameWork.Car_Loan</td>
<td></td>
<td>0</td>
<td>TestNG_FrameWork.Car_Loan@117e949d</td></tr>
<tr>
<td title='TestNG_FrameWork.Car_Loan.carweb_Login()'><b>carweb_Login</b><br>Test class: TestNG_FrameWork.Car_Loan</td>
<td></td>
<td>0</td>
<td>TestNG_FrameWork.Car_Loan@117e949d</td></tr>
<tr>
<td title='TestNG_FrameWork.Home_Loan.homeapi_Login()'><b>homeapi_Login</b><br>Test class: TestNG_FrameWork.Home_Loan</td>
<td></td>
<td>0</td>
<td>TestNG_FrameWork.Home_Loan@3943a2be</td></tr>
<tr>
<td title='TestNG_FrameWork.Home_Loan.homemobile_Login()'><b>homemobile_Login</b><br>Test class: TestNG_FrameWork.Home_Loan</td>
<td></td>
<td>0</td>
<td>TestNG_FrameWork.Home_Loan@3943a2be</td></tr>
<tr>
<td title='TestNG_FrameWork.Personal_Loan.pname()'><b>pname</b><br>Test class: TestNG_FrameWork.Personal_Loan</td>
<td></td>
<td>0</td>
<td>TestNG_FrameWork.Personal_Loan@5f8edcc5</td></tr>
<tr>
<td title='TestNG_FrameWork.Sample.samp1()'><b>samp1</b><br>Test class: TestNG_FrameWork.Sample<br>Parameters: Firstuname, pwd</td>
<td></td>
<td>0</td>
<td>TestNG_FrameWork.Sample@6db9f5a4</td></tr>
<tr>
<td title='TestNG_FrameWork.Sample.samp1()'><b>samp1</b><br>Test class: TestNG_FrameWork.Sample<br>Parameters: seconduname, secondpwd</td>
<td></td>
<td>0</td>
<td>TestNG_FrameWork.Sample@6db9f5a4</td></tr>
<tr>
<td title='TestNG_FrameWork.Sample.samp1()'><b>samp1</b><br>Test class: TestNG_FrameWork.Sample<br>Parameters: ThirdUname, Thirdpwd</td>
<td></td>
<td>0</td>
<td>TestNG_FrameWork.Sample@6db9f5a4</td></tr>
<tr>
<td title='TestNG_FrameWork.Sample.samp2()'><b>samp2</b><br>Test class: TestNG_FrameWork.Sample</td>
<td></td>
<td>0</td>
<td>TestNG_FrameWork.Sample@6db9f5a4</td></tr>
</table><p>
<table width='100%' border='1' class='invocation-skipped'>
<tr><td colspan='4' align='center'><b>SKIPPED TESTS</b></td></tr>
<tr><td><b>Test method</b></td>
<td width="30%"><b>Exception</b></td>
<td width="10%"><b>Time (seconds)</b></td>
<td><b>Instance</b></td>
</tr>
<tr>
<td title='TestNG_FrameWork.Home_Loan.home_Singin()'><b>home_Singin</b><br>Test class: TestNG_FrameWork.Home_Loan</td>
<td><div><pre>java.lang.Throwable: Method Home_Loan.home_Singin()[pri:0, instance:TestNG_FrameWork.Home_Loan@3943a2be] depends on not successfully finished methods
	at java.base/java.util.ArrayList.forEach(ArrayList.java:1540)
... Removed 18 stack frames</pre></div><a href='#' onClick='toggleBox("stack-trace4766562", this, "Click to show all stack frames", "Click to hide stack frames")'>Click to show all stack frames</a>
<div class='stack-trace' id='stack-trace4766562'><pre>java.lang.Throwable: Method Home_Loan.home_Singin()[pri:0, instance:TestNG_FrameWork.Home_Loan@3943a2be] depends on not successfully finished methods
	at org.testng.internal.TestInvoker.invokeTestMethods(TestInvoker.java:99)
	at org.testng.internal.TestMethodWorker.invokeTestMethods(TestMethodWorker.java:146)
	at org.testng.internal.TestMethodWorker.run(TestMethodWorker.java:128)
	at java.base/java.util.ArrayList.forEach(ArrayList.java:1540)
	at org.testng.TestRunner.privateRun(TestRunner.java:770)
	at org.testng.TestRunner.run(TestRunner.java:591)
	at org.testng.SuiteRunner.runTest(SuiteRunner.java:402)
	at org.testng.SuiteRunner.runSequentially(SuiteRunner.java:396)
	at org.testng.SuiteRunner.privateRun(SuiteRunner.java:355)
	at org.testng.SuiteRunner.run(SuiteRunner.java:304)
	at org.testng.SuiteRunnerWorker.runSuite(SuiteRunnerWorker.java:53)
	at org.testng.SuiteRunnerWorker.run(SuiteRunnerWorker.java:96)
	at org.testng.TestNG.runSuitesSequentially(TestNG.java:1180)
	at org.testng.TestNG.runSuitesLocally(TestNG.java:1102)
	at org.testng.TestNG.runSuites(TestNG.java:1032)
	at org.testng.TestNG.run(TestNG.java:1000)
	at org.testng.remote.AbstractRemoteTestNG.run(AbstractRemoteTestNG.java:115)
	at org.testng.remote.RemoteTestNG.initAndRun(RemoteTestNG.java:251)
	at org.testng.remote.RemoteTestNG.main(RemoteTestNG.java:77)
</pre></div></td>
<td>0</td>
<td>TestNG_FrameWork.Home_Loan@3943a2be</td></tr>
</table><p>
</body>
</html>