<?xml version="1.0" encoding="UTF-8"?>
<!-- Generated by org.testng.reporters.JUnitXMLReporter -->
<testsuite ignored="0" hostname="DESKTOP-KD7RQOH" failures="1" tests="9" name="Personal Loan Module" time="0.355" errors="0" timestamp="2020-05-18T06:28:55 PDT">
  <testcase classname="TestNG_FrameWork.Personal_Loan" name="p_Loan" time="0.0">
    <failure type="org.testng.TestNGException" message="
Parameter &amp;apos;URL&amp;apos; is required by @Test on method p_Loan but has not been marked @Optional or defined
in C:\Users\selvi\eclipse-workspace\Selenium_Rahul\include_exclude.xml">
      <![CDATA[org.testng.TestNGException: 
Parameter 'URL' is required by @Test on method p_Loan but has not been marked @Optional or defined
in C:\Users\selvi\eclipse-workspace\Selenium_Rahul\include_exclude.xml
at java.base/java.util.ArrayList.forEach(ArrayList.java:1540)
... Removed 26 stack frames]]>
    </failure>
  </testcase> <!-- p_Loan -->
  <testcase classname="TestNG_FrameWork.Personal_Loan" name="pname" time="0.016"/>
  <testcase classname="TestNG_FrameWork.Car_Loan" name="carapi_Login" time="0.005"/>
  <testcase classname="TestNG_FrameWork.Car_Loan" name="carmobile_Login" time="0.018"/>
  <testcase classname="TestNG_FrameWork.Car_Loan" name="carweb_Login" time="0.017"/>
  <testcase classname="TestNG_FrameWork.Sample" name="samp1" time="0.005"/>
  <testcase classname="TestNG_FrameWork.Sample" name="samp1" time="0.006"/>
  <testcase classname="TestNG_FrameWork.Sample" name="samp1" time="0.007"/>
  <testcase classname="TestNG_FrameWork.Sample" name="samp2" time="0.004"/>
</testsuite> <!-- Personal Loan Module -->
